第二 ， 全面 的 管理 。
反对 这个 背景 ， 如果 中国 是 被 植入 世界 经济 ， 它 是 我们 加速 发展 高 ， 不过 科技 行业 ， 提高 整个 国家 的 力量 ， 改善 这个 行业 站 在 国际 劳动 分工 的 。
20 人 是 银行 的 文章 中国 设置 issuance 银行信贷 紧缩 人民币 升值 或是 欧美国家 对于 财政部 和 树枝 在 它 的 分支 机构 负责 的 treasuries safekeeping issuance 银行信贷 紧缩 人民币 升值 或是 欧美国家 对于 基金 。
在 新 千年 的 ， 集会 参与者 拿 优势 去 探索 新 的 想法 和 图表 个 世界 发展 ， 新 的 世纪 。
人们 担心 的 是 航天器 他 火箭 。
这 都 取决于 人类 的 努力 ， 中国 必须 有个 好 的 第一步 是 人性化 的 spaceflight 。
然而 ， 很多 科学家 和 中国 的 科学 和 科技 杂志 的 编辑 有 感觉 更 多 的 发展 却 降低 到 中国 科学 和 科技 发展 本身 。
从 中东 ， 到 巴尔干半岛 ， 从 索马里 到 阿富汗 ， 有 一天 当 它 不是 借助 似乎 没有 其他人 ， 没有 一年 ， 当 不是 在 waging 战争 干涉 别人 。
作为 相关 ， 香港 ， macao ， 台湾 ， 去年 在 中国 委员会 国家 cppcc 委员会 海外 designated 对 台湾 工作 的 优先 它 的 工作 。
发展中国家 也 意识 到 只有 通过 参与 和 合作 他们 可以 国际 经济 秩序 逐渐 改变 的 事 不 公平 ； 这 正是 一个 主要 原因 很多 发展中国家 加入 wto 。
北京 ， 15 feb 外国 (zxs) - 关键帧 spokesman zhu 今天 bangzao 说 ： sino - 俄罗斯 主权 国家 的 军队 合作 是 为了 加强 国家 国防 和 保卫 诚实 。
在 1995 年 的 报告 ， " 欧洲 安全 政策 在 2000 年 ， " 委员会 的 行政 表明 欧盟 欧盟 是 集体 安全 机制 欧洲 在 建立 起 一个 共同 的 安全 和 外交政策 应该 目标 。
酋长 将军 的 员工 tang 与 昨天 说 ming - 国家 军队 能够 完全 保持 大陆 abreast 开始 在 台湾 运动 是 美国 总统 选举 。
现在 银行信贷 紧缩 人民币 升值 或是 欧美国家 对于 兑换 accords 一个 更大 的 学位 程度 和 现在 在 中国 经济 结构 。 与 国内 通货膨胀 率 不断 下降 ， 压力 提高 银行信贷 紧缩 人民币 升值 或是 欧美国家 对于 的 价值 出现 在 家里 ， 事实上 已经 存在 了 国外 被 瞧不起 银行信贷 紧缩 人民币 升值 或是 欧美国家 对于 的 现状 。
在 1999 年 6 月 ， 在 合作 和 法国 公司 ， framatome ， 这种 植物 开始 产生 主要 在 1 - 长度 的 管道 以 千瓦 每 那些 增压 水 反应堆 。 植物 今年 一月 的 时候 完成 这个 制造 产品 。
突尼斯 很 欣赏 国内 国外 政策 中国 的 领导者 研究 以及 崇拜 的 中国 在 经济 和 社会 发展 的 成就 。
这样 一个 完整 的 规模 收到 一些 一定 会 促进 了 中国 发起 一个 都 收到 的 圆 的 改革 。
论坛 是 由 高中 xiao 富有 ， 人们 的 最高 法庭 的 总统 ， 从 领导 全副武装 的 政治 和 法律 的 相关 事务 委员会 ， 最高 法庭 的 人 ， " ribao renmin ， " 新华社 ， 那有 闭路电视 ， 广播 人 是 中央 车站 ， " ribao fazhi 。 "
只有 一个 在 未来 的 方法 台湾 ， 也 就是 前往 reunification 和 大陆 流入 但 绝对 不是 从 中国 的 分离 。
guangsheng shi 感谢 他 对 他 的 支持 。
bangguo wu 说 ： 在 过去 的 15 年里 ， 每年 北京 国际 间 高速公路 的 神经 种族 这一 举动 友谊 中国 ， 日本 和 人 之间 不同 国家 已经 为 促进 友好 的 联系人 运动 交易所 。
白色 的 纸 也 压力 ： 台湾 可能 looser 使用 的 形式 " 一个 国家 ， 两个 系统 " 原则 比 香港 和 macao 。
shaohong wang 是 1997 年 3 月 falun 愿意 练习 相信 它 可以 帮助 治愈 的 疾病 和 终端 疾病 。
在 农业 和 经济 结构 农村 的 战略 重整 脸 ， 我们 应该 很快 改变 的 想法 ， 概念 ， 领导 的 方法 ， cadres 的 质量 和 重整 结构 和 带来 巨大 的 变化 情况 不是 适合 大众 的 思维 方式 和 工作 方法 。
yi wang 和 勒 同样 每年 在 外交事务 小队 phung cong 强大 的 看法 共同 关注 国际 和 地区 问题 。
这 是 关键所在 ， 所以 即使 你 就 一定 会 障碍 的 路上 的 障碍物 到 国家 的 统一 ， 所有 的 尝试 将 从 中国 台湾 一定 会 失败 。
这 是 上升 相当 迅速 农业 物品 所用 的 材料 化学物质 ， 机器 行动 ， 纵横交错 和 灌溉 ( 看到 桌子 2 ) 。
我们 相信 那些 选择 和平 和 希望 台湾 compatriots reunification 的 两面 能 看到 通过 谎言 ， 告诉 真正 从 错误 的 ， 让 他们 明智 的 选择 。
国家 企业 与 政府 从 企业 管理 的 功能 是 关键 的 主题 改革 。
24 2 月 ， 曾经 在 会议 上 peng 哩 " 三个 压力 " 教育 由 领导 cadres zhangjiagang 的 城市 。
这样 的 人 参与 意愿 cppcc 国家 委员会 成员 种 1,756 ， 79.5 得到 占 了 。
听到 报告 ， 国务卿 approvingly jiang 点头 他 的 头 给 他 对 公司 快速 发展 。
巩固 和 改善 教育 的 学校 教育 工作 不仅 是 商业 部门 ， 家庭 和 社会 各 方面 都 必须 关注 和 支持 这项 工作 。
最近 一项 研究 报告 由 一个 国际 组织 展示 了 中国 把 国际 在 科学 和 科技 的 地方 竞争力 角度 讲 ， 在 中间 的 水平 但是 下降 ， 这 强烈 关注 人 的 见解 。
像 thunderclap ， 演讲 也 在 中国 广大 的 土地 已经 开始 波及 为 需求 派对 委员会 和 政府 都 在 教育 水平 做 一个 好 工作 工作 。
解决 这些 问题 ， 它 是 动员 学校 ， 家庭 ， 甚至 社会 一起 工作 来 实现 有形 的 资产 。
谁 能 正确 的 理解 和 解决 人类 面临 的 问题 可以 成功 地 抓住机会 ， 上面 获得 的 手 ， 3 月 在 整个 世界 。
决定 stipulates 的 出书 每年 全国 经济 和 社会 发展 的 项目 ， 5 - 一年 的 计划 ， 长话短说 ， 不过 这个 发展 计划 ， 收集 委员会 由 国家 ， npc 之前 应该 站 在 一个月 委员会 npc 相关 会议 打开 。
另 一个 理由 " 人权 是 主权 " 一些 西方 国家 比 这 道菜 的 是 人类 的 价值 更 高 的 国家 。
台湾 问题 找个 定论 如何 实现 伟大 的 原因 中国 reunification 是 中国 人 自己 的 生意 ， 我们 anti - 中国 的 政治 不 国家 的 主权 国家 的 中国 人 的 决心 和 能力 保卫 低估 诚实 。
夫人 · 罗宾逊 感谢 中国 资助 人权 的 研讨会 说 会议 非常 成功 的 是 有利于 在 亚洲 国家 之间 交换 和 加强 合作 - 太平洋地区 在 人权 问题 。
美国 的 位置 完全 的 湖泊 我们 收到 communiques 有 三个 sino 违反 了 国际 法律 和 原理 中国 主权 的 国家 诚实 。
他 开始 查阅 了 人们 的 政治 咨询 工作 在 过去 的 一年 。
往下 被 ruihuan 友好 ， 后 的 第一个 研究 和 cppcc 国家 委员会 批准 了 9 日程 第三个 会议 。
州 议会 领导者 的 各种 commissions ， 不同 的 部门 ， 和 部门 认真 聆听 的 观点 deputies npc 和 行政 管理 的 效率 提高 cppcc 成员 和 标准 。
发展 起来 ， 打开 和 社会主义 的 现代化 ， 人们 congresses 系统 会 变得 更 完美 会 越来越 重要 的 角色 。
我们 应该 expeditiously 发展 基础设施 建设 的 项目 ， earnestly 强化 努力 去 改善 生态 和 环境 的 保护 ， 其 积极 的 工业 重建 ， 努力 开发 科学 和 技术 的 教育 方案 ， 继续 加深 改革 开放 ， 更 到 外面 的 世界 。
副 叮 peiling 做 了 一个 3 - 一点 提高 学校 教育 和 减少 建议 学生 的 负担 - - conscientiously 改变 的 概念 来 培育 正确 的 观点 教育 ， 站 出来 研究 在 教育 改革 和 教育 ， contingents 强化 老师 和 努力 改善 老师 的 质量 。
第一个 - 阶段 词 的 项目 应该 加速 ， 比如 项目 的 气体 从 西方 的 东部 ， lanzhou - 成都 石油 的 渠道 ， 上海 北京 - 表达 铁路 ， longtan 水电 guangxi 空间站 ， 和 亚洲 no. 2 - 潜水艇 电缆 太平洋 。 2 。
我们 应该 检查 中共 的 执行 的 现状 ， 原则 ， 政策 和 决定 我们 应该 揭露 和 探究 和 处理 活动 就 在 严肃 的 政治 的 学科 。
peiyan zeng 说 中国 以下 的 痛苦 减轻 在 电源 的 病毒 一年 的 力量 在 过去 的 两个 5 - 项目 建设 计划 。
除了 ， 对 国家 国防 支出 会 增加 了 百分之 12.7 。
基于 这样 一个 基金会 ， 我们 可以 实现 西方 区域 法律 来 约束 的 发展 。
在 当今 的 世界 ， 科学 发展 迅速 地 改变 每 过去 一天 。
因为 这 涉及 很多 工人 即时 的 利益 ， 所有 的 相关 需要 conscientiously 实施 地方性 的 国家 政策 和 stipulations ， 做出 合适 的 安排 resettlement 的 工人 ， 确保 资金 专门 为 他们 的 resettlement 是 作为 完整 的 孩子 和 技术 的 总量 。
它 引导 关注 效率 所 市场 ， 不过 在 北京 培育 和 发展中国家 领导 和 创造 经济 优势 是 郊区 。
根据 妈 ， 香港 - 根据 其 npc ， jiang 总统 zemin 由 以上 的 说辞 deputies 完成 之后 的 演讲 。
第三 ， 既然 我们 的 国家 tariff 系统 是 不 完美 ， nominal 关税 相对 cannot 给 更 多 的 保护 我们 的 家庭 经济 。 在 1998 年 ， 中国 是 有效 的 tariff 只有 7.9 ％ 。
这 也 是 在 开始 严格 的 管理 必要 反对 腐败 和 促进 诚实 。
人们 都 在 香港 的 圆圈 应该 保护 首席 执行 的 权威 ， 首席 执行 和睦 ， 确保 在 香港 的 声音 政府 和 sar 最 基本 的 法律 。
例如 ， 劳动力 - 密集 的 产品 可以 提供 一个 出口 增加 了 很多 在家 工作 机会 。
我们 有 一个 大 差距 实现 生产 或者 和 国际 层面 是否 在 先进 的 技术 ， 管理 或 质量 ， 企业家 天赋 或者 工人 的 能力 。
他们 指出 很多 人 已经 受到 zemin jiang 行动 和 其他 成员 根茎 ， 并 把 草 会 进入 中央政治局 之前 站 在 委员会 在 动员 发射 " 三个 压力 " 教育 县 的 水平 。
hao 哩 ， 一个 副 从 anhui ， 说 两个 报告 今年 这样 的 问题 突出 unprosecuted 罪行 公平 的 试验 ， 和 适当 的 拘留 ， 那些 调查 ， 把 次 在 违反 了 法律 发表 司法 数量 的 工作人员 ， 寻求 个人 的 收益 ， 和 承诺 irregularities 。
结果 所有 的 民意调查 香港 的 人 支持 解释 在 香港 展示 那些 最 基本 的 法律 是 由 npc 站 在 委员会 。
窗帘 有 9 摔倒 在 第三个 会议 国家 的 中国 人 的 政治 consultative 委员会 会议 [ cppcc 。
在 中国 外交官 不同 的 国家 被 邀请 参加 最后 的 会议 作为 旁观者 。
在 1000 广告 ， 中国 是 在 北部 的 歌 dynasty 和 时期 是 在 科学 和 技术 的 世界 ， 思想 和 文化 ， 和 水平 生产 的 力量 。
它 的 军队 对 能力 ， 今天 完全 吸收 信息 工业 美国 ” 的 技术 发展 完全 utilizes 信息 科技 的 力量 。
大规模 超过 1400 个 县 的 课程 给 集中 在 训练 水平 从 cadres 592 贫穷 的 国家 各地 选择 接收器 像 关键 的 支持 。
特别 是 ， 接近 中国 " accession 世界贸易组织 代表 [ wto ] ， 中国 的 经济 和 社会 的 社区 和 外界 接触 会 越来越 频繁 和 复杂 的 。 这 一套 新 的 需求 、 在 政府 管理 能力 。
shengyou shu ， mingshan wang ， shaosen zhou ， yanling liu 把 地板 上 ， 奎斯特 诊断 。
在 这样 的 时间 ， 主权 的 国际 社区 怎么 保护 中国 国家 的 诚实 ？ 什么 意思 可以 用来 保护 自己 的 主权 中国政府 国家 的 正直 ？
然而 ， 一些 isolationists 是 试图 接近 门 。 现在 是 时候 让 一个 选择 ， 选择 ， 或者 整合 。
我们 应该 加速 战略 调整 整个 经济 结构 和 改善 经济 的 质量 。
国家 应该 继续 向 财政 政策 ， 促进 又 迅速 增长 投资 需求 ， 鼓励 和 指导 消费 。
回答 记者 们 的 疑问 arats 通过 早上 在 一个 新 的 会议 ， shubei tang 如果 现在 的 问题 不 在于 两种 托雷斯 会 reunified 迟早 ， 但 是否 会 需要 台湾 " 独立 "
我们 必须 看 大屏幕 严格 避免 一个 - sidedness ， 在 大众 的 思想 和 严格 避免 官僚 ， 寻找 真理 和 见风使舵 新 的 痕迹 和 严格 避免 固执己见 ， 尊重 的 法律 和 严格 的 目标 避免 失明 ， 稳定 的 工作 和 严格 避免 空心 的 演讲 。
这个 人 负责 说 ： 在 过去 的 5 年 的 执行 " prc 银行 法律 ， " 中央银行 有 显著 改善 它 的 层次 对 提出 和 实施 有效 的 货币 政策 和 法律 的 身份 ， 金融 监督 和 管理 更 坚强 它 的 能力 。
此外 ， 在 台湾 托雷斯 有 两种 不同 的 理解 " 和平 " 这 是因为 我们 认为 它 是 一种 和平 cannot reunification 当 有人 威胁 我们 ， 如果 我们 拒绝 与 reunification 。
作为 一个 元素 中国 人 ， 我 坚定 地 支持 这个 支持者 中国 的 领导者 。
我们 的 国家 是 广阔 区域 有 一个 大 人口 ， 它 是 相对 的 发展 落后 的 有效 的 力量 ， 它 的 不同 区域 为什么 发展 。
反对 这个 广泛 的 背景 ， 所有 国家 都 接近 合作 与 他人 。 如果 某些 国家 内部 力量 寻求 分离 ， 很 明显 ， 这 历史 趋势 。
建立 在 1989 年 8 月 ， 这家 公司 会 先 在 不好 的 资产 通过 这样 的 问题 金融机构 意味着 在 购买 折扣 ； 筛查 身上 ， 评价 分类 ， 重建 这些 资产 ， 最终 在 一个 拍卖会 上 卖 的 资产 在 一个 投资银行 的 做法 。
有人 敢于 把 国家 ， 共同 谋划 和 外国 势力 ， 加入 " 独立 台湾 " 在 试图 从 中国 和 台湾 ， 这 将 意味着 战争 。
因此 ， 认可 的 一个 - 中国 原则 是 touchstone 测试 是否 有 诚恳 的 和 和平 愿意 寻求 reunification 。
北京 ， 21 (xinhua) mar - 关键帧 这个 过渡阶段 在 各州 的 课程 ， 不过 拥有 企业 董事会 规定 的 文章 国家 的 67 次方 减去 1 为了 改善 性 的 机制 拥有 企业 ， 强化 在 国家 性 的 ， 不过 拥有 企业 ， 这些 规章 是 规范 。
sassou - 总统 nguesso 说 他 很 高兴 见到 的 友好 和 妻子 在 拜访 。
的 " 独立 台湾 " 力量 维持 一个 中央 军队 和 违反 法则 不少 必须 保护 区域 群岛 在 台湾 岛 本身 在 outlying 许多 目标 。
面对 这种 情况 下 ， 我们 不能 将 它 不 重要 。
这些 包括 经济 、 法律 ， 行政 ， 教育 ， 科学 和 科技 测量 。 在 会议 ， peng liu ， 任 的 部门 cpc 中共中央 委员会 ， publicize 演讲 ， 在 计划 以上 提到 收到 的 决定 。
yu hsieh tunghai 大学 的 教授 不过 sheng [ yusheng xie ] 说 teng - lee hui 该 跟随 " 民主 " 练习 因为 他 一直 touted " 民主 "
他 认为 人们 应该 支持 应用 台湾 一个 在 处理 跨越 - - 中国 的 原则 托雷斯 关系 。
对于 环境 的 wharves 把 垃圾 发现 ， 其它 的 有毒 和 有害 的 是 在 课堂 上 两个 表面 的 来源 为 保护 区域 的 国内 禁止 可饮用 水源 。
这些 照片 都 是 由 海运 一般 的 单位 的 新 进行 了 一次 训练 nanjing 军队 在 上海 一个 即使 在 底部 stationed 区域 。
很多 国家 变得 更 经济 和 经济 全球化 会 加快 相互 中国 和 菲律宾 应该 更 提高 交易所 和 合作 这 两个 国家 都 可以 成为 好 朋友 ， 邻居 ， 好 伙伴 。
观察 国际 的 规定 ， 这 两个 国家 都 享受 水资源 tiberias 湖 。
" non - 接触 战争 " 分为 长 ， 不过 范围 的 精度 空袭 ， 用 大量 的 巡航 外 发射 导弹 精确 的 指引 导弹 防御 形式 的 区域 成为 主要 的 运营 魔兽 世界 。
根据 数据 从 1990 年 到 1998 年 ， 嗨 ， 不过 科技 出口 由 将近 500 ％ 的 外国 中国 增加 。
今天 为什么 他们 说 一件 另 一个 明天 几种 来回 的 意愿 ？ 他们 不 知道 该 做 什么 。
这些 企业 代表 经济体制 走向 成功 方面 soe 市场 。
有 需要 帮助 找出 cadres 和 大众 方向 发展 坚定 的 信念 ， 福斯特 通过 这个 活动 凝聚力 的 力量 和 战争 的 力量 。
在 注册 的 名字 ， 不过 系统 ， 统计 compilation 征税 的 收藏 在 个人 收入 是 非常 困难 的 ， 因为 缺乏 相对 集中 占据 了 个人 的 收入 。
feng 木胶 也 说 提 yunlin 指出 ， 在 所有 的 演讲 ， cpc 领导者 不会 说 " 一个 中国 " 是 " 中国 。 "
但 我们 也 注意 到 soberly 仍然 存在 很多 的 问题 。
他 继续 ： " 法律 设定 限制 在 机动 地 把 人 是 由 人类 将 人们 在 拘禁 。
在 这方面 ， 阅读 一些 不良 诗歌 的 hongzhi 哩 ， 我们 可以 看到 他 受 的 欲望 的 力量 显然 已经 出现 。
通过 长期 - 词 在 中国 的 矿产资源 探索 ， 超过 300 工业 城市 和 乡镇 ， 那 是 基于 矿物质 的 生产 建立 的 ， 包括 daqing 在 黑龙江 ， 在 anshan 和 fushun liaoning ， 在 panzhihua 四川 ， 等等 。
胡锦涛 主席 的 压力 ： 中国 派对 和 政府 一直 收到 的 友邻 在乎 sino 去 传统 的 友谊 ， 会 ， unremittingly 强化 和 发展 sino - 工作 去 友善 的 合作 关系 。
我们 很 感激 这个 。
在 谈判 ， 情况 重申 中国 进入 到 欧盟 是 承诺 支持 wto 早 可能 的 。
在 考虑 的 情况 下 一些 depositors 无法 由于 各种 原因 个人 在 处理 他们 的 沉积物 金融机构 ， 在 stipulations 把 该 系统 在 " 在 系统 在 个人 存进 银行 账户 更 真实 姓名 。 "
意识形态 和 政治 工作 是 我们 的 聚会 很 好 的 传统 和 政治 优势 。
在 kuomintang [ kmt ， 他 演奏 政治 ， 用 特技 ， 歧视 的 人 持有 不同 的 视角 ， 看到 它 那些 提交 会 繁荣 ， 那些 反抗 会 死亡 。
他 指出 ： 它 是 必要 的 调整 自己 的 unceasingly 开发 了 新 的 情况 和 新兴 新 的 问题 ， 并且 把 同时 进行 的 重要性 理解 和 实现 的 法律 。
尽管 电子 商业 为 光明 的 前途 ， 电子 商业 发展 是 一个 巨大 的 系统 工程 。 因为 拥有 一个 相对 较 低 的 利用 信息技术 和 其他 因素 ， 甚至 更 多 的 一段 艰难 和 复杂 的 电子 商业 发展 在 中国 ， 花 很长 的 时间 。
那些 在 错误 的 ， 但 他们 fraudulently 意味着 使用 其他 不诚实 的 文件 或 注册 ， 一旦 发现 ， 必须 不断 惩罚 ， 让 他们 的 商业 许可证 悬浮 ， 工业 和 商业 管理 器官 。
在 中国 的 问题 之一 原则 ， 香港 的 人 支持 的 位置 表达 的 首席 执行 。
李 teng hui 不过 是 在 几十年 这种 规则 基本上 是 一个 过程 splittism 和 " 独立 台湾 。 "
bangguo wu 强调 ： 各种各样 的 事故 应该 根据 调查 和 处理 严格 就 法律 和 责任 携带 系统 应该 comprehensively 。
我们 相信 更 多 的 compatriots 台湾 会 大陆 流入 做 的 投资 和 管理 经济 交易所 的 和 合作 。
想想 进步 的 源 争取 也 涉及 到 整个 国家 建立 的 想法 问题 考虑 适当 的 处理 和 维持 两个 整体 的 情况 。
我们 都 知道 世界 上 只有 一个 中国 和 台湾 是 中国 的 领地 不可 剥夺 的 一部分 。
大部分 的 第一个 政治 重整 commissar 参加 觉得 通过 训练 和 改革 ， 是 加强 的 工作 标准 保护区 的 力量 ， 不是 在 保护区 的 力量 变得 更重 的 压力 ， 保护区 的 力量 所 面临 的 一个 紧迫 的 问题 是 ， 它们 是 如何 在 新 知识 化妆 正在 训练 。
企业 ” 的 内部 改革 专注 于 改造 名单 ， 劳动力 ， 和 分销 系统 和 为了 建立 的 机制 的 东西 ， 所 需要 的 ， 工人 可以 雇佣 或者 ， 管理 派遣 可以 推广 或者 是 降级 ， 贬低 和 收入 可以 增加 或者 减少 了 。
台湾 compatriots 是 我们 的 血液 从 大陆 到 台湾 亲属 在 过去 的 时间 和 他们 在 使用 相同 的 角色 ， 语言 。 很多 台湾 compatriots 回到 每 一年 支付 的 敬意 fujian mazu 和 尊重 的 共同 祖先 的 墓地 皇帝 支付 中国 国家 。
事实上 ， 问题 不 在于 简单 。
我们 希望 和 新加坡 一起 工作 ， 和 不断 带来 新 的 更 发展 到 能 使 我们 两个 国家 之间 的 合作 在 新 的 世纪 。
我们 必须 根据 法律 保护 合法 的 宗教 活动 ， 我们 必须 resolutely 破译 国家 在 灾难 一触即发 heresies 把 人们 根据 法律 禁止 它们 。
中国政府 总是 粘附 政策 reunification 的 和平 和 有 表达 utmost 诚恳 的 和 愿望 台湾 compatriots 。
都 levi 和 个 欢迎 zemin jiang 是 国家 去 以色列 总统 ， 并且 表达 的 信仰 探视 会 让 新 推动 发展 这 两个 国家 间 的 关系 。
因此 ， 在 现代 世界 ， 任何 对 跨 性别 的 状态 - - 主权 行动 来 护卫 人权 只能 被 批准 领导 下 ， 或者 在 联合国 会员国 区域 和 国际 组织 。
事实上 ， ishihara 是 超 不过 获得 民族 的 殖民 心态 ， 外国 收到 了 很多 anti ， 丑陋 去 埋怨 中国 人 和 自然 rok 已 被 完全 暴露 在 世界 的 人 。
从 外国 使用率 跟 资本 评判 在 过去 的 3 个 月 ， 有 一个 在 中国 的 外国 资本 的 使用率 可以 提高 动力 。
在 美国 总是 负责 载荷 对 发展中国家 pretext 人权 ， 中国 是 一个 受害者 。
这些 利益 群体 的 影响力 在 国会 与 政府 反射 到 步调一致 它 的 交易 ， standpoints 的 一些 利益 群体 ， 公众 意见 ， 媒体 。
如果 克林顿政府 不会 提高 中国 人权 问题 ， 共和党 把 这个 机会 让 对此 这个 问题 和 批评 民主党 。
除了 cadres 一定 有 实用价值 ， 他们 原则 和 习惯于 从 领袖 和 catering 他们 喜欢 把 他们 的 线索 ， 这 也 帮助 增长 客观 的 腐败 行为 。
奥尔布赖特 是 在 不同 的 国家 干扰 她 拜访 了 很 深 的 人们 感到 惊讶 。
在 县 国家 的 权力 和 器官 prefectural ( 城市 ) 水平 应该 开展 了 这个 系统 当 条件 许可 。
南非 和 中国 可以 合作 在 很多 领域 这样 的 合作 是 南非 最最 重要 的 发展 。
他 也 感谢 他们 为 南非 政府 遍及 一个 - 中国 原则 和 渲染 它 宝贵 的 支持 中国 在 很多 场合 。
虽然 这 两个 国家 简短 的 历史 国际 关系 ， 我们 从 建立 与 国际 关系 迅速 发展 ， 可 合作 是 将 进入 特定 的 合作 剧院 的 成就 。
评论 可能 的 结果 投票 ， 他 说 ： 尽管 他 周围 的 选票 利润 很 接近 ， 他 相信 最后 的 结果 是 国会 会 " 成功 的 把 它 。 "
集体 企业 那些 工人 在 cannot 享受 旧 - 年龄 与 失业问题 保险 好处 也 可以 进入 最低 的 农户 支持 线 居民 。
1.2 亿 中国 人 最 有 关于 中国 的 人权 说话 的 情况 。
他 回答 记者 们 的 疑问 在 去 [ chao 2600 xian 7639 ； 发表 ] 外交部长 是 半岛 去 中国 和 韩国 情况 。
什么 是 排列 在 名单 arats 的 新 台湾 内阁 ？
在 军队 里 在 中国 ， 包括 城市 边境 的 区域 ， 从 军事 大学 和 学校 去 军事 单位 ， 年轻 的 官员 和 士兵 们 已经 回答 主席 拿 着 学习 与 前所未有 的 热情 。
鸿沟 存在 于 官员 士兵 有 质量 的 历史 原因 和 社会 背景 ， 但 问题 的 根源 是 依然 在 中国 领导人 还有 一些 不是 真正 建立 适应 需要 准备 军队 的 想法 。
我们 应该 特别 指出 日本 militarist 部队 变得 更加 自大 日本 使用 它 的 utmost 努力 扩大 它 的 军队 可能 。
第四个 是 创造 新 的 技术 优势 ， 主动 支持 和 开发 电子 工业 ， 海洋 科技 行业 ， 不过 科技 和 制药 行业 里 ， 新 材料 的 行业 ， 科技 行业 和 其他 新 环境 保护 ， 高 - 科技 行业 。
与此同时 ， 协会 和 商业 角色 应该 带到 完整 的 玩耍 。
第三 ， 更 努力 应该 去 改善 的 教学方式 。
科学 和 技术 的 进步 和 发展 的 工艺 标准 ， 它 变得 很 正常 的 武器 ， 保持 在 服务 比 这些 阶段 ， 但是 这个 cannot 成为 一个 过度 时间 ， 在 这些 武器 5 到 10 年 后 退役 的 将军 规定 。
在 执行 anti - 毒品 的 活动 ， 所有 地方性 也 应该 在 发起 一个 运动 " 药物 ， 不过 免费 的 社区 " 进一步 anti - 毒品 宣传 和 教育 。
这些 观点 是 指导 甚至 所有 科学 的 研究 聚会 研究 的 历史 意义 的 历史 。
那些 出版物 盗版 有 传播 的 掠夺 认真 dampened 科学家 、 艺术家 、 作家 ， 和 许多 其他 的 版权 拥有者 ” 改良 和 社会 的 阻碍 创新 和 热情 国家 的 质量 作为 一个 整体 。
原因 就 在于 提 shui bian 不过 是 个人 的 信仰 和 经验 ， 政治 和 台湾 在 公众 意见 的 一部分 ， 我们 的 态度 和 政策 。
我们 先进 的 聚会 已经 决定 了 我们 的 军队 先进 的 本质 。
提 xiaojin ： 中国 accession 去 wto 现在 中国 和 shipbuilding 产业 机会 和 一个 挑战 。
中国 ishihara 有 所有 的 呼吁 的 结果 分裂 ， 不过 ， ravings 发出声音 ， 中国 应该 分裂 成 六个 国家 。
2001 年 7 月 进入 运作 在 卫星 车站 预期 的 。
在 70 到 80 从 发到 是 20 世纪 ， 美国 遇到 了 一个 严重 的 挑战 来自 于 日本 。 它 拒绝 竞争力 角度 讲 ， 经济 sluggish 国家 。
qiyue zhang 指出 ： 中国 一直 保持 的 " coexistence 的 和平 五个 原则 " 最 基本 原则 国家 发展 国家 - 到 收到 的 指导 关系 。
因此 ， 我们 应该 做 的 努力 推广 意识形态 和 政治 之间 工作 领导 cadres 。
一些 同伴 保持 这个 统一 的 物流 支持 战时 可以 准备 好 战争 爆发 之前 。
专家 和 学者 也 压力 会议 ： 和平 基本 的 利益 托雷斯 两边 的 人 ， 但是 中国 必须 reunification 和平 的 方向 。
毕竟 ， 这 不是 一个 永久 的 解决方案 如果 从 的 角度 来看 问题 中 的 一个 狭窄 的 利益 和 孤立 群岛 。
谷物 产量 抚慰 是 农业 结构 的 焦点 抚慰 结构 。
屠杀 的 税 应该 已经 在 猪 ， 不过 提高 家庭 levied levied 在 一个 人均 在 一些 小镇 的 基础 。 农民 说 使 ： " 猪 的 税 " 已经 成为 " 调查 税 。 "
9 文化 和 教育 ， 增强 质量 [ subhead 在 st 21 世纪 的 智慧 和 人类 的 资源 将会 最 重要 的 资源 和 关键 的 因素 一个 国家 的 发展 。
3 ) 和 社会 的 经济 发展 和 改善 人们 生活水准 ， 现在 的 状况 保险 产业 的 发展 是 在 遥远 的 多元化 满足 需求 保险 。
一个 国家 的 主权 是 基本 的 先决条件 意识 到 人权 ， 对 对策 论 更为 贴近 主权 的 原则 ， 平等 ， 在 noninterference 内部 的 国际 人权 事务 是 重要 的 基石 确保 健康 发展 事业 。
retrogression 会 导致 失明 的 街区 。
一位 提案 的 " 一旦 他 自然 是 理解 明显 ， 它 不必要 的 麻烦 争论 ， 一个 人 喜欢 他 。 "
这 导致 了 安全 管理局 会 安全 警觉 。 针对性 的 机构 巡逻 的 警察 也 被 他们 的 男人 站 从 顶部 被 恐怖组织 。 除了 巡逻 ， 每 两个 小时 ， 他们 也 需要 其中 情况 在 向 他们 的 场景 。
因此 ， 安南 有 提议 加入 " 私人 的 社会 " 和 联合国 ； 将 重要性 和 非政府 组织 处理 国际事务 中 将 扮演 的 角色 ， 压力 的 作用 人 ， 大规模 的 组织 ， 以及 其他 非政府 组织 处理 国际 问题 。
compatriots 台湾 更 熟悉 情况 说 ： 它 是 不 可能 的 真正 的 军事力量 会 用到 。
在 过去 的 20 - 加上 年 ， 伟大 的 发展 是 在 跨越 - 托雷斯 关系 。
很长 一段时间 ， 台湾 是 出口 一直 在 美国 和 其 交易 主要 的 盈余 的 选择 后者 一直 高 。 因为 这个 原因 ， 通过 不断 应用 在 台湾 压力 美国 各 " 301 提供 " 和 迫使 台湾 货币 去 欣赏 重要 的 。
在 其中 扮演 的 主角 重要 的 概念 应用 " 三个 代表 " 领导 cadres 应该 首先 ， 公司 意识 到 共同 的 理想 理想 和 治罪 并且 把 建筑 社会主义 与 中国 获得 长 的 特征 ， 不过 词 ， 他们 unchangeable 终身 的 信仰 和 pursuance 共产主义 的 目标 。
结果 证明 chee tung hwa 不过 是 一头 流行 正 从 59.1 点 在 3 到 52.9 点 ， 一滴 总共 62 点 ， 到 最低 的 时候 因为 他 的 办公室 。
之前 一样 ， 从 基本 原则 和 deviating 的 做法 尝试 去 追寻 通过 努力 关于 可以 放心大胆 小 问题 。
xianglong 报告 ， 人们 的 银行 总统 中国 ， xiaochuan zhou ， 中国 安全 比 管理 委员会 的 主席 ， 妈 yongwei ， 中国 保险 的 管理 委员会 的 主席 ， 一个 在 演讲 的 研讨会 的 主题 。
尽管如此 ， 对应 庞大 的 金钱 援助 资金 已经 流入 这个 区域 水库 每年 1992 年 之后 ， 当 中心 当局 对 各国 政府 和 commissions 29 22 排列 的 省份 和 对应 城市 提供 帮助 的 区域 。
突然 间 美国 核 武装 俄罗斯 已经 被 冒犯 展开 unawares 和 与世隔绝 。 突然 ， nmd 项目 也 变成 了 公众 的 谴责 censure 普遍 的 目标 。
这是 一个 原则 在 自然 世界 和 人类 世界 。
人均收入 是 关于 市场 获取 集中 在 以前 导致 贸易 nontariff 障碍 有 争议 的 ， 尤其 是 在 隔离 不同 的 动物 和 植物 。
这些 是因为 影响 意识形态 的 趋势 nonproletarian 想法 不 应该 被 低估 。
只要 所有 的 党派 担忧 继续 conscientiously 中央 政策 决定 实施 计划 ， 能够 在 国家 经济 发展 的确 可能 长久 的 动力 。
单位 曾 被 一个 单位 红色 的 军队 。
kmt 老人 和 台湾 sef francaise 的 主席 yun - 太阳 hsuan [ yunxuan 太阳 ] 最近 去 了 80 发到 周年 庆祝 的 黑龙江 等 省 参与 建立 那里 工业 大学 ， 他 也 会 恢复 不久 之后 他 在 家乡 shandong 省 去 拜访 他 的 亲戚 。
那里 的 工业 具体 诞生 于 1920 年 起 ， hsueh - 中国 liang [ xueliang zhang ] 拥有 过 它 的 董事会 主席 。
以下 的 经济 发展 和 改善 热衷于 的 生活 标准 的 人 ， 会 持续增长 需求 不已 总是 到处 去 。
他们 表达 的 满意度 最近 在 他们 两个 国家 之间 的 合作 在 不同 的 领域 ， 并且 表达 他们 的 战略 合作 希望 进一步 发展 合作 在 新 的 世纪 。
在 一个 记者 的 问题 ， 她 说 ： 中国 是 被 谋杀 斯里兰卡 部长 工业 发展 。
它 是 应用 的 核心 军事 目的 是 战略 原则 建立 一个 强大 的 军队 委员会 和 科学 和 科技 和 科学 和 技术 并且 开发 出 训练 和 教育 委员会 长 - 范围 实力 的 派对 的 海军 航空 单位 决定 在 一个 特定 的 单元 正在 inflight 添加 训练 。
地区 也 会 翻倍 了 一些 关键 和 人们 的 空气 防御 主链 项目 全省 人 的 空气 防御 项目 。
我们 必须 强化 管理 tangibly 现有 的 水资源 ， 强调 要点 ， 练习 理性 的 管理 ， 用水 在 科学 方式 。
这些 人 都 被 魔鬼 。 为了 精神 控制 " falungong " 医生 ， 我 有愧 hongzhi 已经 完全 disregarded 他们 健康 和 生活 。 这 也 充分 显示 了 大自然 的 邪恶 " falungong " 在 破坏 人们 的 健康 和 disregarding 人们 的 生活 3 。
他 重申 这 南斯拉夫 联邦 的 面盘 一个 - 中国 组装 的 原则 ， 而且 是 高度 appraises 中国政府 站 和 政策 承担 在 台湾 问题 的 解决方案 。
虽然 这 两种 托雷斯 是 未 被 reunified ， 中国 的 领地 [ zhong ling guo tu ] 主权 保持 不断 和 仍然 是 一个 中国 。
他 压力 一个 重要 的 经验 从 建筑 社会主义 与 中国 的 特征 是 需要 改革 处理 之间 的 关系 正确 的 发展 ， 稳定 。
他们 全家老小 会 一直 存在 在 我们 的 内心 英雄 。 他们 的 孩子 中国 人 ， 也 骄傲 中国 记者 。 我们 应该 悲痛 变成 一种 优势 和 建立 我们 的 故乡 更好 。 "
现在 验证 ， 我们 会 获得 更 多 的 enlightment 。
没有 美国 ” 的 西方 盟友 甚至 表达 的 支持 我们 anti - 导弹 计划 。 相反 ， 他们 表达 对 我们 的 坟墓 开发 和 部署 在 演讲 中 或 从 - 这个 系统 的 线 小队 。
女士们 先生 们 的 新 世纪 ， 我们 的 国家 将 进入 一个 新 的 阶段 建造 一个 相对 嗯 - 从 社会 和 游行 向前 向 基础 的 现代化 的 认识 。
根据 报告 ， chong · 金 - 对 这个 峰会 会议 " 一个 好 的 先例 。
然而 ， 技术 进步 已经 成为 主要 的 驾驶 的 能力 ， 增强 在 中国 生产力 。
叙利亚 的 经济 基金会 弱 它 缺乏 自然资源 。
当 聚会 中共中央 委员会 的 主要 力量 红色 的 第一个 军队 前面 到 shaanxi 北部 ， 他 的 队友 坚定 地 支持 正确 的 领导 能力 毛泽东 时期 这种 手段 ， 有意识 地 保护 中共中央 委员会 的 权威 派对 ， 在 各种 决定 实施 的 派对 。
在 后期 ， teng - lee hui 出版 了 一 本书 ， 名为 " 台湾 是 建议 ， " 倡导 的 " 中国 到 7 blocs 理论 打破 。 "
tianshan ， kunlun ， 这是 一个 很 重要 。
现代 科学 和 科技 再 一次 地为 这个 indisputable 的 真理 无数 的 事实 。
这 是 不 容易 法官 这个 问题 。 到 什么 程度 他们 应该 准备 ？
洪水 和 干旱 jiabao 指出 wen 一直 致命 的 疾病 影响 中国 的 经济 和 社会 的 发展 和 人们 的 生活 ， 和 在 农业 生产 尤其 显眼 的 干旱 。
编辑 ： 一个 特别 的 优势 我们 的 聚会 和 我们 的 军队 他们 这种 意识形态 和 政治 教育 的 重要性 。
斯洛伐克 的 发展 ， 不过 中国 关系 是 斯洛伐克 是 外交 政策 的 优先权 。
我 想 表达 我们 的 理解 和 感激 这个 。
虽然 腐败 的 元素 在 我们 的 聚会 解释 只有 一个 非常 小 的 比例 ， 他们 有 严重 障碍 我们 的 聚会 和 政府 的 眼睛 图像 的 人 ， adversely 影响 我们 的 聚会 和 政府 和 人 之间 的 关系 ， 和 能力 破坏 整个 的 境况 改革 发展 和 稳定 。
最近 的 工业 和 商业 全面 的 全国性 的 政府 ， 和 市场营销 ， 无论 在 金字塔 营销 活动 进行 集中 在 金字塔 和 统一 然后 通过 手术 。
在 英国 为例 58 非法 移民 把 悲惨 的 死亡 ， 由于 在 法律 解决问题 ， 人类 蛇 走私 在 英国 正在 变得 越来越 严重 。
mo 建造 lin 木头 渡轮 褐藻 来 的 难民 penghu 为 永久 的 居住地 和 工作 。
例如 ， 一个 企业 应该 参与 出口 产品 或者 出口 的 资本 基本上 是 取决于 企业 自己 选择 的 利益 ； 如果 它 的 国内 “ 好 的 手术 结果 ， 它 的 " 出去 " 改良 -- 另 是 不 一定 。
不过 垄断 法律 专家 相信 中国 需要 一个 anti 现在 ， 在 大多数 ， 包括 普遍 认可 这种 政府 的 部分 。
与此同时 ， 中国 增 原理 相反 的 官员 任何 国家 和 地区 邀请 和 他 在 任何 名字 和 达赖喇嘛 提供 的 场所 。
它 是 学到 了 这个 运动 是 由 军队 练习 被 的 一部分 我们 今年 在 太平洋 区域 。
军队 教育 和 教育 有 很多 共同点 。 "
重要 的 组织 和 销售 情况 资产 ， 6 号 候选人 。
kostov 表达 温暖 欢迎 来到 zhu 理工大学 rongji 。
发展 是 我 最后 想 说 的 关键 中国 依赖 解决 所有 问题 在于 ， 它 自己 的 发展 。
在 冷战 时期 ， 包括 东方 与 西方 世界 的 顺序 blocs 。
如果 他 去 半岛 在 韩国 北部 可以 成为 关于 和平 的 第一步 ， 北 - 交换 南部 和 合作 ， reunification 的 故乡 ， 他 会 非常 满意 。
虽然 整个 世界 的 状况 自 冷战 后 成为 放松 ， 地区 的 战争 和 冲突 有 不断 升级 。
这个 部署 台湾 有 它 的 袖子 什么 ？
的 " 的 观点 " 指出 军队 在 西方 发展 和 建筑业 区域 参与 和 支持 很长 ， 不过 词 战略性 的 任务 。
中共 以下 整个 历史 已经 揭示 经历 的 长处 我们 的 注意力 ： 是否 一个 政党 是 由 项目 和 首先 是 或者 不 先进 的 成员 。
这些 cannot 任务 分开 ” 的 科学 发展 的 进步 。
根据 人们 的 政治 圈 ， 美国 部分 和 方面 和 提 shui bian 不过 ， 没有 突破 会 影响 在 sino - 我们 在 可 预见 的 未来 的 关系 。 中国 将会 政治 、 经济 、 外交 和 军事 准备 处理 恶化 的 情况 。
" 的 外交 关系 " 钱 购买 是 不 可靠 的 。
它 是 令人震惊 和 regretful 看到 超过 30 人 死 于 一个 因素 在 短时间 内 jiangmen 三个 月 。
与此同时 ， 政府 中国 ， 哈萨克斯坦 与 krygyzstan 会 在 公共 边界 上 签 一个 协议 。
有 了 巨大 的 潜力 tajikistan 和 中国 在 经济 之间 的 合作 。
罗马 ， 4 jul ( xinhua ) 今年 是 30 - 关键帧 比较 周年 建立 中国 、 意大利 的 外交 打领带 。 在 这个 重要 ， rongji zhu ， 理工大学 中国 国家 的 委员会 ， 会 7 月 正式 拜访 在 意大利 在 5 。
城镇 是 产品 的 经济 和 社会 的 发展 做 的 很 好 的 工作 小 的 城镇 也 是 有利于 经济 发展 和 社会 的 发展 。
我们 在 聚会 来自 人们 把 他们 之间 的 根源 。
他 经常 医生 karimov 说 他 zemin jiang 和 总统 开会 访问 中国 在 过去 的 一年 。
我们 欢迎 任何人 认识 一个 中国 立场 。
当然 ， 没有 恐惧 。
早晨 7 月 6 ， 伴随 着 niyazov 总统 ， jiang 总统 zemin wreaths 展示 在 纪念碑 记忆 在 战争 去世 的 英雄 保护 土库曼斯坦 。 他们 也 去 看望 中立 的 门 [ 名字 作为 transliterated ， 我 有愧 zhong 男人 ] 一起 。
这是 关于 犯罪 的 证明 野蛮 。 同时 由 美国 ， 不过 导致 北约组织 有 揭示 了 他们 的 hegemonic 自然 世界 上 所有 的 人 的 脸 。
最近 有 去过 中国 年 领导者 和 这些 六个 国家 议会 成员 高度 appraised 政治 稳定 情况 ， 经济 发展 和 国家 统一 在 中国 和 表达 未来 ， 以便 让 更 多 的 人 希望 进一步 扩展 交易所 的 家访 和 互相 了解 中国 。
他们 有 改善 他们 的 身份 法律 在 处理 他们 的 金融 的 事务 的 能力 。 但 在 实施 他们 的 预算 一些 不同 的 中心 还是 有 问题 。
的 收据 和 支付 的 实践 单位 应该 comprehensively 的 转角 起来 会 和 资金 配额 每个 部门 应该 是 理性 的 ， 所以 当 我们 提供 基础 的 实践 检查 预算 并 没有 一个 好 的 基金 的 执行 改革 预算 的 准备 工作 。
我们 有 丰富 的 自然 和 人类 的 资源 ， 我们 可以 建立 自己 的 国家 。
它 有 保持 正确 的 方向 渐渐 的 展示 它 的 工作 记录 。 但 我们 必须 承认 政策 的 " 一个 国家 ， 两个 系统 " 和 香港 没有 先例 是 回到 故乡 新 的 东西 来 效仿 。 这 是 不 可能 完成 他们 在 一个 中风 。
现在 美国 是 完全 忽略 了 国际 的 裁军 进步 和 军备 控制 ， 坚持 abm 系统 在 发展 中 和 的 情况 下 它 的 效果 " abm 条约 ， " 的 危险 军备 控制 已经 产生 了 国际 的 裁军 然后 在 颠倒 的 过程 。
为了 仁爱 精神 文明 建立 新 的 情况 ， 哪里 有 一个 很 好 理解 这个 重要 的 社区 和 链接 ， 通过 一项 活动 penetratingly 建立 文明 的 社区 ， 开展 的 精神 文明 建筑 在 基层 组织 。
因此 ， 当 效果 定律 ， 我们 必须 让 法官 努力 加强 教师 和 腐败 anti - procurators 和 开发 一个 有效 的 内部 机制 。
zhu 理工大学 和 他 的 派对 在 深夜 到达 这里 开始 在 9 日 他 欧盟 官员 去 比利时 总部 ， 成功 地 完成 之后 他 的 官方 访问 去 意大利
科学 和 科技 lilan zhu 担任 财政部长 论坛 。
它 是 在 报道 几个 美国 军火商 会 分享 dealings 60 美元 亿 的 手臂 。
他 压力 ： 所有 的 校长 负责 的 人 地方性 的 所有 部门 必须 把 指令 画 在 人 和 组织 普通 的 计划 ， 得到 了 工作 ， 当 领袖 负责 不同 领域 的 影响 ， 得到 的 行业 必须 对 自己 的 地区 或者 的 行业 。
这些 人 童工 必须 被 严重 的 惩罚 。
然而 ， 这 不仅 是 一个 在 派对 上 首次 " 真的 代表 " 已经 扩展 到 三个 " 真的 代表 " ， 三个 " 真的 代表 " 已经 同时 提出 ， 它 也 是 第一次 聚会 格 劳乔 的 历史 建筑 的 原则 。
主要 的 主题 在 这个 阶段 要 解决 的 问题 是 如何 从 新 的 民主 转变 到 社会主义 什么样 的 社会主义 建造 。
回想 这个 阶段 的 历史 让 我们 认识 到 更 多 的 重要性 " 三个 代表 " 。
中国 西藏 富人 和 五颜六色 的 种族 文化 都 有 大量 的 兴趣 和 早已 一个 话题 ， 不过 深度 中国 和 外国 西藏 研究 学者 。
所有 的 国家 去 欧盟 进一步 表明 强烈 的 愿望 扩张 的 经济 和 贸易 和 金融 合作 和 中国
探视 这一 举动 互相 了解 ， 膨胀 的 共识 。
有 关于 中国 的 经济 工业 和 商业 尽力 回答 问题 不断 温暖 掌声 当 圆圈 。
在 中国 欧洲 的 关系 是 一个 关键点 sino - 发展 是 外交政策 。
最近 在 上海 也 决定 在 美国 客人 kuangdi 刘旭 经济 和 社会 的 发展 。
加入 wto ， 关于 中国 必须 做出 承诺 观察 wto 规则 和 逐渐 打开 它 的 市场 。
这些 好 的 经历 已经 打下 坚实 的 基础 在 为 我们 打开 了 新 的 大门 司法制度 改革 中有 个人 系统 ， 打开 一个 新 的 情境 获得 新 突破 ， 在 这个 工作 。
与此同时 ， 国际 社会 也 经历 了 一个 告诉 把 到 " falungong " 依赖 的 信仰 是 尝试 在 西方 我们 国家 的 运动 压力 的 敌意 的 力量 。
这 两种 开始 一个 很大 的 数字 - 规模 合作 的 项目 在 能源 ， 顺手 沟通 的 血液循环 商品 。
当 一个 足球 的 粉丝 惹麻烦 ， 他们 必须 停止 处理 迅速 和 法律 。
冷战 结束 后 ， 俄罗斯 只 关心 与 发展 和 韩国 ， 它 与 北部 掉 进 跌入 低谷 ， 除了 ， 俄罗斯 经济 恶化 ， 无法 援助 朝鲜 ， 它 的 影响 有 持续 下降 。
第二个 3 - 月 特殊 的 行动 现在 在 2000 年 开始 ， 在 emigration 可能 是 非法 的 方式 fujian 。
然而 war. 墨西哥湾 伊拉克 和 科威特 是 直接 战场 ， 通过 这个 战争 延伸 到 整个 阿拉伯 整个 人 在 这个 区域 遭受 从 战争 的 受害者 。
俄罗斯 拿来 伟大 的 重要性 不同 领域 的 发展 高 ， 不过 水平 中国 和 加强 合作 关系 ； 他 相信 这 两个 国家 在 经济 和 贸易 还 可以 获得 更 多 的 发展 关系 。
bangzao zhu 上方 的 评论 是 由 当 对 他们 的 相关 问题 。
" 报告 的 位置 ， 所有 的 单元 ， " 指挥官 有序 的 。
在 6 月 ， 单一 - 保护区 国家 商业 银行 投资者 是 过量 的 比例 7.8 ％ 的 多余 的 保护区 其他 的 商业 银行 和 比例 是 19.1 ， 都 保持 比较 高 支付 能力 。
在 1 日 ， 弗兰克 公开 表示 到 台湾 媒体 hsieh " 的 基础 还是 台湾 大陆 是 领域 的 国家 ， " 和 " xiamen 和 kaohsiung 是 像是 一个 国家 间 的 关系 。 "
他 打算 让 从 18 岁 到 20 日 旅行 。
如果 其他 国家 愿意 提供 去 用 火箭 辅助 药剂 ， 去 甚至 会 准备 用 完全 他们 的 技术 和平 的 空间 研究 。
如果 你 得到 一个 更好 的 疾病 ， 结果 的 治疗 。
在 27 6 月 ， 他 又 表达 他 的 愿望 去 拜访 xiamen 在 台湾 媒体 的 访谈 。
参加 会议 是 负责 全副武装 的 相关 部门 在 州 议会 和 那些 负责 运输 工作 在 12 个 省份 ( 区域 和 城市 ) 在 西方 地区 。
jiaxuan tang 表明 ： 当 两个 世界 上 最大 的 发展中国家 ， 中国 和 印度 历史 的 经验 但 也 不止 是 分享 相似 的 肩膀 同样 的 任务 经济 发展 和 提高 人们 的 生活 水平 。
然而 ， 当 警察 到达 赌博 的 房子 ， gamblers 有 仍然 被 要求 离开 了 。
cannot swindlers 但 撒谎 。 当 swindler 告诉 blatant 谎言 ， 好 的 和 无辜 的 人们 往往 例如 。
通过 两年 努力 重要 的 进展 已 今非昔比 在 extricating 企业 从 困难 ， 有 超过 一半 的 州 在 这方面 - 拥有 行业 有 拿 起 深远影响 。
" 你 必须 停下来 这样 做 ， 立刻 ！ "
下 一个 中国 原则 是 渴求 的 发展 跨越 - 托雷斯 关系 渴望 整个 中国 人 ， 包括 台湾 compatriots ， 也 是 不可逆转 的 胡说八道 的 历史 。
通用电气公司 对此 liancheng 说 ， 多亏 了 执行 聚会 上 走私 被 打压 在 一个 严格 的 政策 委员会 和 中共中央 委员会 ， 我们 国家 的 经费 已经 取得 了 很大 进步 在 走私 。
中国 正式 的 白俄罗斯 。 众所周知 它 持续 和 珍贵 的 支持 在 台湾 和 人权 问题 。
马克思 注意 ： " 当权 的 意识形态 的 位置 当权 的 关系 是 什么 其他 的 概念 表达 材料 的 位置 。 "
战争 科技 现代 战争 的 战斗 美国 人 是 嗨 ， 不过 这 需要 赞助 强大 的 经济 力量 。
zemin jiang 说 ： 我们 表达 我们 的 深海 里 最近 的 谈判 这个 事实 大卫 后悔 在 美国 ， 以色列 和 巴勒斯坦 在 巴勒斯坦 失败 了 生产 协议 最终 地位 。
纽约 ， 29 (zts) jul - 关键帧 我们 永久 的 代表性 的 联合国 holbrooke 说 zemin jiang 之间 克林顿 总统 和 总统 开会 会 物品 为 克林顿 当 参加 最 重要 的 话题 之一 联合国 千年 峰会 九月初 。
在 今年 二月 ， 这 两种 正式 去 俄罗斯 - 签署 了 友谊 条约 ， 好 的 neighborliness 和 合作 ， 取代 苏联 - 友谊 去 条约 ， 合作 和 互相 协助 abrogated 和 1961 年 所 签署 在 1995 年 。
我们 高度 appraise 被 里 约 地区 和 国际事务 中 扮演 的 角色 。
我们 应该 用 " 三个 代表 " 统一 我们 的 思维 ， 增强 我们 的 理解 ， resolutely 会 有 影响 的 不同 意识形态 的 趋势 是因为 ， 守卫 unswervingly 派对 在 军队 绝对 是 领导力 ， 总是 忠诚 的 派对 ， 人们 、 国家 和 社会主义 。
" 很难 画 一个 人 但 它 是 画 不 容易 。 "
在 20 比较 世纪 ， 经济 全球化 更进一步 在 不可思议 的 ， 史无前例 的 快速 的 速度 和 经济 交易所 和 不同 的 国家 间 互相 变得 越来越 重要 。
包括 经济 全球化 贸易 自由化 ， 生产 整合 ， internationalization 。
从 他们 的 战略 分析 ， 所以 - 叫做 " 决定性 的 战役 海外 " 意味着 推动 westward 战场 上 ， 从 台湾 岛 防线 托雷斯 中心 ， 甚至 的 内部 大陆 。
他 当选 提 shui bian 收到 发展 的 " 理论 ， 不过 中国 的 话题 的 讨论 " ； 后来 ， 在 他 的 就职 演讲 ， 他 把 前进 的 " 未来 的 理念 一个 中国 。 " 最近 ， 他 又 提出 的 " 在 1992 年 的 精神 。 "
引进 互联网 下 ribao renmin 的 金融 和 经济 的 渠道 ， 娱乐 ， 健康 和 观点 。
如果 拒绝 认识 一个 中国 ， 就 不再 会 有 基础 的 联系人 或者 演讲 ， 在 跨越 - impasse 托雷斯 cannot 解决 的 关系 。
不久 之前 ， 我们 把 一个 weeklong 美国 的 旅程 被 深深地 感动 。
除了 ， 发生 在 一些 台湾 挖掘 consortiums 也 adversely 影响 投资者 信心 。
在 他 的 就职演说 在 20 可能 ， 提 shui bian 不过 这 公开 宣布 " 委员会 国家 的 统一 计划 和 国家 的 统一 abrogating 没有 问题 。 "
一个 ， 它会 演奏 大厅 的 主 在 纽约 的 前夜 联合国 千年 峰会 联合国 会议 ； 第二 ， 它 将 在 国家 层面 收到 中国 剧院 马戏团 去 做 圣路易斯 ， 印第安纳波利斯 ， 以及 其他 的 小 中等 按照 城市 ， 不过 我们 内陆地区 的 。
zemin jiang 说 ： 尽管 中国 和 萨摩亚 去 也 是 远离 彼此 有 不同 的 社会 体系 发展 水平 ， 文化 ， 传统 ， 都 是 在 亚洲 - 太平洋地区 发展中国家 ， shouldering 的 任务 是 来 护卫 国家主权 ， 经济 发展 ， 提高 人们 的 生活 标准 。
他 说 ： 税收 收集 和 管理 信任 法律 的 力量 有 一些 执法 的 方法 来 纳税 器官 。
这 两个 国家 也 在 国际 和 地区性 的 事务 进行 接近 合作 。
这 是 个 国家 的 系统 ， 我们 的 国家 也 反映 了 自然 的 胜利者 人 的 利益 。
在 一些 地方 ， 为 少数 人 不 放弃 发起 战争 ， 占据 领土 其他 国家 ， 并 与 他人 的 财富 ， 结果 造成 灾难 和 忍受 无尽 的 深渊 人们 带来 痛苦 。
第二 ， conscientiously 观察 杰出 的 问题 影响 社会 稳定 和 公众 安全 ， 在 一个 及时 合适 的 方式 与 他人 的 家庭 的 矛盾 和 辩论 ， 并 防止 从 长长 见识 矛盾 。
qichen qian 非常 关心 在 几天 前 由 台风 撞击 台湾 人类 生命 和 财产 带来 并且 表达 对 condolences 和 同情 和 solicitude cordial compatriots 人 被 杀 然后 从 台风 经历 。
对 特定 行为 控制 的 专利 机构 应该 国家 设置 委员会 " 10 。
访问 设置 为 之前 ， 他 知道 他 去 。 之后 又 对 访问 ， 他 知道 他 的 心脏 仍 在 台湾 宁愿 把 短 的 探视 20 个 小时 。
我们 关注 一些 媒体 在 报导 指 在 逮捕 的 基督徒 在 中国 ， ccc clergywoman 副 总统 在于 的 人数 shengjie 说 她 不 知道 的 ” 特殊 的 情况 下 ， 但 有 一件 事情 是 肯定 的 是 没有 被 逮捕 由于 宗教 的 信仰 。
在 检查 并 讨论 ， 研究 委员会 批准 了 国家 是 提议 在 50 亿 人民币 issuance 词 财政部 债券 提高 建设 长 - 额外 的 资金 注入 投资 固定 的 资产 readjusting 为 中心 的 预算 2000 年 的 计划 。
领导者 必须 一直 在 与 大众 ， 提高 他们 的 工作 风格 ， 进入 教学 的 尖端 药物 科学 的 研究 ， 解决 实际 问题 和 开发 重要 的 角色 学校 的 教学 和 行政 管理 的 员工 整形 学校 和 发展中国家 。
quanjing zhang 说 的 队友 zemin jiang 指出 中共 secretaries 委员会 和 政治家 更 高 的 教育 机构 应该 努力 成为 社会主义 的 教育工作者 们 。
430,000 - 的 角色 的 小说 发表 在 1997 年 。 超过 10 本 打印 有 一个 重大 的 影响 。
这 是因为 电影 就是 现实 。 进入 人类 社会 问题 ， 卡通画 很 好 的 关于 权力 和 责任 之间 的 围墙 情节 - 像 在 之间 的 义务 和 益处 ， 热情 和 之间 的 法律 。 它 是 一个 有机 的 电影 统一 的 意识形态 ， 艺术 ， 震动 的 影响 以及 吸引 人 的 力量 。
评论 中国 宗教 的 圆圈 有 问题 如何 回应 政府 禁止 " falungong ， " 佛教 hui sheng 主人 说 ： " falungong " 已经 超过 1600 人 和 伤害 的 人 负责 死亡 ， 同样 的 非法 药物 。
" 的 人 的 网络 是 值得 congratulation 首次 亮相 " 在 早上 8 月 23 日 ， ribao renmin 刘旭 keming 自然 酋长 编辑 主任 zhongtian ， 来到 最好 的 公司 hengquan wu ， 这 和 大脑 的 局长 的 首席 编辑 它 的 网络 中心 。
在 凌晨 1 月 ， 去 建立 国际 关系 和 意大利 ， 把 第六 欧盟 国家 的 外交 与 奥地利 和 之后 去 ， 丹麦 、 芬兰 、 葡萄牙 和 瑞典 ， 与 七个 主要 是 西方 工业 国家 而 建立 的 外交 与 去 。
北京 liaowang 的 (xna) 28 - - 8 月 每周 今天 新华社 发表 在 35 比较 问题 的 签名 tianri tang 文章 ， 名为 " 两个 contrastive 看着 那些 历史 。 "
用 邓小平 的 会议 作为 发展 导向 完全 分析 理论 和 中国 是 人口 的 老龄化 趋势 ， 总结 强大 的 旧 - 年龄 的 工作 经历 ， 进一步 澄清 道 意识形态 的 工作 指导 ， 和 特殊 的 原则 ， 和 目标 做出 计划 如何 去 做 一个 好 的 工作 。
gan luo 强调 所有 和 部门 担心 必须 认真 地方性 的 研究 方法 意味着 带 出 以供 调查 和 实时 起到 的 矛盾 和 争端 ， 持续 地 总结 的 经历 ， 在 当地 条件 光 ， 压力 实际 的 结果 ， 确保 这一 工作 携带 不断 有效 。
中国政府 会 继续 追求 友好 的 政策 走向 日本 。
根据 村民 ， 他 与 先前 有 一个 受伤 的 村庄 cadres ， 包括 国务卿 村庄 派对 树枝 村庄 的 安全 委员会 主席 。 他 把 大 - cadres 已经 被 拘禁 被 公众 人物 反对 村庄 海报 安全 的 部门 。
很长 一段时间 ， 他 已经 冰岛 和 中国 人 之间 的 交易所 积极 十分 友好 ， 尤其 是 文化 的 交易所 和 合作 。
这 正是 发展中国家 正在 担心 庞大 的 数字 。
他 普通 的 家庭 和 个人 拜访 了 两个 非常 印象 他们 带来 快乐 快乐 而 和平 的 生命 ， 享受 社会 安全 提供 给 我们 的 政府 。
在 他 看来 ， 社会主义 国家 必须 正在 开发 他们 的 力量 ， 只有 当 他们 coexisted 和平 与 其他 国家 有 保障 能 实现 这个 目标 。
也 可 签 一个 协议 jovanovic 在 国外 的 投资 和 经济 合作 和 保护 和 促进 投资 古巴 部长 当 他 去 了 古巴 在 八月 。 这是 同样 在 发展 演讲 可 交易 双方 的 代表 企业家 。
他们 能 问候 鼓励 努力 去 种族 separatist 元素 ， 打开 一个 " 国际 空间 他们 的 存在 ， " 和 hamper reunification 中国 的 步伐 ， 在 虚荣 试图 离开 中国 分裂 状态 ” 的 规则 。
这 三个 阶段 到 2015 年 需要 完全 超过 60 亿 万美元 。
chunyun jiang 强调 ： 的 队友 zemin jiang 指出 " 一座 将 如果 它 的 基金会 不是 固体 ， " 表明 极端 的 重要性 草根 基本 的 工作 。
目前 ， 9 中国 是 世界 上 的 外国 贸易 的 地方 ， 在 7 它 的 经济 规模 和 尊重 的 地方 。
我们 共同 的 祖先 和 文化 传统 ， 我们 是 一个 血 就 像 兄弟姐妹 。 然而 ， 中国 国家 都 有 它 填充 在 过去 的 羞辱 和 痛苦 世纪 多 。
国际 社区 大 立刻 表达 他们 理解 去 回应 ， 美国 是 不规则 的 行为 duly 批评 。
法院 判处 监禁 的 指责 jin wang 一个 无限 的 ， 政治 的 权利 剥夺 的 生活 ， confiscation 的 20 银行信贷 紧缩 人民币 升值 或是 欧美国家 对于 ， 犯罪 激怒 了 ， 然后 它 被 判刑 的 指责 xirong liu rmb 10 到 15 年 的 监禁 和 confiscation ， 犯罪 激怒 了 。
它 是 理解 三个 baltic 国家 互相支持 政治 ， 签 一个 协议 约定 - - - - baltic 的 防御 9 月 12 1934 年 一月 四日 。
行医 改革 和 开放 已经 让 人们 把 他们 的 利益 的 优势 个人 感受 到 具体 由 社会主义 通过 伟大 的 变化 社会 ， 经济 发展 和 提高 生活水准 和 个人 体验 社会主义 汉族 文化 的 系统 。
academies 和 大学 ， 有 一年 的 训练 ， 有 一个 重大 的 带有 在 军队 未来 发展 。 因此 ， 当 研究 和 练习 的 " 三个 代表 " 他们 必须 建立 更 高 的 标准 的 要求 。
安娜 瑞典 的 外交部长 lindh 重申 这 欧盟 会 继续 支持 一个 - 中国 的 政策 。
希望 这个 cpc 去 中国 人 会 在 自己 国家 的 情况 和 愿望 光 处理 中国 的 事务 更好 的 结果 。
jiaxuan tang 说 ： 这些 共同 的 存在 可以 作为 一个 重要 的 指导 我们 的 工作 。 他们 应该 执行 的 earnestly 。
我们 很 高兴 看到 peng 哩 主席 宝藏 旧 的 朋友 也 做 了 很多 新 朋友 。
到 现在 ， 他们 的 报告 依然 到处 中国 偏见 ， 扭曲 再次 证明 ， 错误 指责 。
xinjiang 必须 有 一个 稳定 的 社会 环境 ， 否则 ， xinjiang 的 发展 战略 可能 很难 去 实施 。
北京 军事 代表 局 找到 一个 道路 一个 良性 的 循环 的 发展 和 生产 产品 建立 地区 合作 。
如果 战争 爆发 在 台湾 托雷斯 ， 海平面 将 是 blockaded ， 外国 贸易 支持 经济 发展 会 遭受 严重 的 挫折 ， 许多 工业 生产 部门 会 停止 生产 和 关闭 了 ， 整个 经济 会 面临 巨大 的 摆动 。
整个 过程 审查 是 在 一个 开放 的 态度 。
他们 的 目的 是 比尔 和 破坏 延迟 和 建 恳求 sino 我们 收到 的 关系 。
由于 事实 能力 在 城市 和 township 企业 有 相对 减少 吸收 劳动力 和 就业 在 城市 的 压力 增加 ， 在 水下 ， 农业 劳动力 的 力量 non - 农业 地区 有 很多 问题 。
这 就是 为什么 在 中国 人 的 眼睛 ， 一些 西方 传教士 imperialist 有关 入侵 和 鸦片 商人 。
这些 重要 的 意识形态 和 政治 教育 也 在 哄哄 博览会 上 我们 贪得无厌 提供 的 科学考察 基地 和 正确 的 方向 新 的 形势 。
这个 研究 课程 jointly 委员会 由 的 中央 组织 部门 和 科学 ， 科技 和 工业 国家 的 防御 [ costind 。
也 参加 会议 是 dongpo guo ， 国家 议会 办公室 主任 海外 中国 的 事务 ； guangsheng shi 部长 的 外国 贸易 和 经济 合作 ， mengkui wang ， 国家 发展 研究 委员会 中心 负责人 。
其次 ， 在 之间 的 海洋 区域 附近 的 方法 刚刚 从 我们 的 航线 导弹 架 航空母舰 cannot 实现 非凡 的 成就 ， 要么 。
中国 排名 第二 和 第三 ， 奎斯特 诊断 世界 上 固定 的 大小 和 移动 telecommunication 网络 。
虽然 东部 和 西部 排 在 优先 顺序 不同 ， 在 俄罗斯 外交政策 的 是 同样 重要 。
提 mingduan 要求 通过 论坛 ， 所有 的 光 单位 让 它 流行起来 单位 体验 和 实践 先进 的 实际 情况 完全 省长 聚会 上 - 的 根部 建筑 分支 强化 军队 区 单位 ， 以此 来 推动 的 各种 执行 任务 。
这 表明 我们 的 外国 经济 合作 和 亚洲 经济危机 和 贸易 走 一步 一步 的 影子 有 reentered 一个 快速 paced - 关键帧 增长 追踪 。
一个 公民 系统 专注 于 战争 突发事件 需要 记者 ： 公民 空气 是 一个 复杂 系统 的 防御 工程 ， 这 涉及 不仅 挖掘 某些 " 防空洞 可以 又 ， " 但 也 做 了 许多 工作 要 建立 一个 系统 。 中国 东北部 地区 的 公民 系统 是 如何 建立 和 发展 ？
整个 国家 的 公民 空气 优先 城市 防御 东北 中国 有 警报 100% 的 报道 和 声音 的 频率 ， 公民 空气 整个 中国 东北部 逐渐 被 建立 一个 完整 的 发展 交流 的 警报 防御 多元化 意味着 网络 的 路线 。
guoxing yu ， 站 在 委员会 成员 cpc 省长 委员会 和 省长 公众 安全 部门 的 主管 ， 在 一个 自我 - 提交 了 一份 报告 ， 得到 的 法律 实施 收到 的 工作 被 从 1998 年 的 省长 公众 安全 部门 。
最后 ， 每年 都 在 9 5 - 10 目标 计划 相关 的 特性 是 居民 的 城市 和 农村 生活 标准 。
我们 应该 加强 了 政治 、 专业 ， 和 工作 - 风格 的 建筑 我们 按 不同 。
cadres 领导 的 各个 层次 ， 特别 是 校长 全副武装 的 聚会 和 政府 责任 ， 必须 认真 学到 经验 从 kejie cheng 例子 和 提高 遍及 民主 进行 批评 和 自我 - centralism 批评 到 政治 层面 。
来 执行 法律 和 规划 和 惩罚 腐败 的 政府 严格 ， 我们 必须 有效 地 遇到 这样 的 条件 ： 首先 ， 我们 必须 态度 和 行动 “ 坚决 ” 。
华盛顿 ， 30 日 ( xinhua ) - 关键帧 在 30 中午 第二 中国 文化 的 艺术节 打开 9 月 在 华盛顿 美国 的 首都 。
代表 参加者 仍然 希望 梵蒂冈 可以 改变 自己 的 错误 政策 对 中国 而 不是 为 创造 新 的 障碍 sino - 提高 梵蒂冈 关系 。
他 第一次 去 台湾 ， 然后 fujian 省份 。 为了 能 扩大 影响力 教堂 ， 他 消失 作弊 意味着 教堂 招募 和 其他 卑鄙 的 行动 。
yingfan wang 他们 察觉到 发达国家 应该 更 开放 的 市场 发展中国家 ， 在 约会 可能 最早 的 目标 提高 他们 的 官方 发展 援助 占 他们 的 国民 生产总值 ， 完全 有效 地 解决 发展中国家 的 外国 - 债务 问题 。
奥运会 运动员 争取 赢 了 荣誉 他们 的 故乡 ， 她 很 自豪 的 孩子 们 ！
仅 在 这个 时候 更 低 的 水平 让 专家 如何 努力 提升 一个 巨大 的 力量 成型 确保 好 的 结果 " 管理 官员 严格 。 "
那些 买 的 股份 会 抱怨 他们 将 失去 信心 政府 从 现在 开始 。
当然 无法 抗拒 的 中国 大陆 的 因素 ， 我们 可以 从 另 一个 角度 。
很多 当地 居民 同样 的 实践 好 的 作品 " falungong " 是 假装 ， 这 对 某些 人 政治 斗争 的 组织 是 纯粹 的 乐器 。
这 意味着 智慧 的 工人 可以 成为 " 领先 于 别人 富裕 。 "
他 压力 现有 的 论坛 前所未有 的 主要 事件 sino 的 历史 非洲 收到 的 关系 ， 对 增强 有 意义 的 发展 sino 在 非洲 收到 的 关系 新 的 世纪 。
不过 日本 经济 和 贸易 sino 的 合作 倾向 于 以 st 21 世纪 ， 好 的 前景 发展 。
阿尔及利亚 收到 来自 中国 真挚 的 援助 ， 在 独立 的 斗争 与 建设 。
谢谢你们 peng 说 中国 和 多哥 寻找 地理 上 远 但 很 接近 情绪 。
毛泽东 时期 这种 手段 enlai zhou ， 邓小平 在 很多 场合 强调 战争 的 责任 把 一些 militarists 而 不是 日本 人 ， 日本 人 也 受害者 。
根据 大使 ， 中国 ， 日本 是 在 33 物品 合作 jiang 总统 签署 参观 了 日本 在 1998 年 的 这些 物品 覆盖 的 区域 非常 广泛 ， 包括 政治 、 经济 和 贸易 ， 科学 和 技术 的 文化 和 教育 ， 全球化 ， 本地 的 问题 。
战舰 的 形成 ， 如此 强大 ， 是 航行 。
在 tianjin 他 从 huang 让 水 从 项目 ， 是 按 任务 重 。
我们 站 在 政策 reunification 获得 " 一个 国家 ， 两个 系统 reunification 和平 。 " 这 并 不 意味着 我们 就 会 改变 台湾 现在 的 系统 和 人们 的 生活 方式 。
东京 ， 14 (zxs) oct - 关键帧 在 东京 去 中国 zhu 理工大学 rongji 收到 一个 电视 采访 今天 ， 在 日本 公众 参与 了 成员 。
所有 这些 成就 有 不是 很 容易 ； 他们 cannot 分开 困难 的 斗争 书中 的 努力 都 是 由 几代 老师 ， 学生 ， 员工 的 人 的 大学 。
从 的 财政 收入 在 国内 生产总值 也 增加 了 百分之 10.7 在 1995 年 到 13.9 在 1999 年 ， 是 期望 超过 百分之 14.5 在 2000 年 ， 基本上 代表 增加 4 个 百分点 在 5 年 ， 这 是 个 非常 鼓舞人心 的 成就 。
他 说 ： 中国 有 一个 很长 的 历史 和 优美 的 文化 。
坦克 突然 被 解雇 了 一个 mortars 的 volley 在 移动 。 " 敌人 是 " 碉堡 以下 出现 在 烟雾 一连串 的 轰鸣声 晃动 。
中国 人 的 生活 标准 ， 整个 到 中等 的 繁荣 程度 ， 真的 太 令人惊叹 。
另外 ， 他们 决定 不同 阶段 和 规范 那 计划 。
他 说 中国 希望 这些 国家 会 继续 从 保卫 他们 可 友谊 和 合作 关系 和 中国 的 总体 的 情况 ， 完全 理解 sensitiveness ， 严肃 和 允许 病菌 teng - lee hui 拜访 ， earnestly 实施 他们 在 " 一个 中国 。 "
( 2 ) 亚洲 和 欧洲 做 的 努力 加强 不断 扩张 之间 的 合作 。
自从 1999 年 ， 在 韩国 半岛 和 它 周围 的 区域 情况 一直 在 改变 ， 因素 愉悦 的 国家 有 相关 增加 到 在 抚慰 关系 。
去年 年底 ， 然后 台湾 lien 副 总统 chan 也 说 台湾 会 收到 的 发展 媒介 长话短说 ， 不过 范围 导弹 。
根据 计划 ， 新 的 陆地 面积 展览 大厅 会 有 30 平米 和 建立 起来 的 地区 平米 的 第一个 - 20 - 阶段 在 2003 年 完成 的 项目 会 变成 手术 。
当 三个 小型 直接 的 联系 是 建立 在 下 一年 ， 我们 一边 船只 也 一定 能 航行 到 另一端 。
在 高 - 科技 战争 的 未来 将 不再 个体 之间 的 斗争 antagonism 系统 ， 个人 的 武器 或 的 设备 ， 但是 到 系统 - 关键帧 系统 和 结构 来 - - antagonism 结构 。
现在 中国 涉及 主要 的 重整 自己 的 历史 时期 工业 结构 ， 和 不必要 的 建造 了 一个 “ 工业 结构 ， 和 其他 这样 的 问题 ， 加上 事实上 在 有些 煤矿 资源 有 干涸 了 ， 让 把 - 的 从 工人 相当 显眼 的 问题 。
没有 稳定 的 政治 和 社会 环境 ， 我们 cannot 开始 谈论 改革 和 发展 ， 最好 的 项目 和 计划 会 被 。
这 已经 增加 了 我们 的 紧迫感 在 宽松 政策 去 关系 。
我们 应该 我们 在 底部 目前 的 情况 ， 我们 在 未来 的 眼睛 ， 在 一个 艰难 前行 创业精神 ， 站 出来 ， 我们 努力 使 总体 的 规划 和 给 特定 的 指导 ， 在 下降 - 收到 的 规模 大 发展 向前 推进 到 地球 收到 的 方式 。
中国 建设 其他 项目 是 海洋 卫星 的 地面 收到 系统 也 是 。
继续 强化 和 发展 去 ， 不过 中国 友谊 对应 着 基本 的 两个 人民 有 重要 的 利益 带有 在 保卫 在 亚洲 和 世界 和平 和 安全 。
北京 26 oct ( xinhua ) - 关键帧 在 生产 和 销售 假 的 观点 目前 的 犯罪 活动 猖獗 和 shoddy 产品 ， 国家 议会 举行 今天 videoconference 让 安排 破译 在 这样 一个 行动 产品 。
他们 说 不仅仅 在 中国 改变 了 他们 的 极大 兴趣 但 也 让 他们 感到 兴奋 ， 因为 中国 的 经济 发展 是 一个 重要 的 贡献 世界 经济 的 发展 。
只有 不断 执行 改革 也 将 可能 在 解决 的 问题 遇到 司法 实践 ， 只有 这 将 会 建立 一个 司法 系统 和 中国 的 特征 。
他 也 做 了 一个 积极 的 友好 和 合作 的 估价 这 两个 国家 之间 的 关系 。 尽管 伟大 的 变化 影响 在 过去 的 半个世纪 了 世界 ， zhu 制订 sino ， 不过 在场 与 顺利 的 发展 和 稳定 的 。
胡锦涛 主席 完全 affirmed 重要 的 角色 的 活动 被 交换 女性 在 两边 托雷斯 促进 相互理解 的 人 跨越 - 托雷斯 经济 和 文化 合作 ， 通过 两种 托雷斯 。
在 她 一天 收到 一封 两个 研讨 ， yi wu 说 ， 以有 学之士 代表 中国 的 政府 之间 的 合作 有 意义 的 联合国 发展 计划 来 促进 现代 中国 的 物流 e - 商业 发展 。
当 chan lien 告诉 提 shui bian 收到 关于 事实上 ， 1992 年 的 共识 ， 提 shui bian 收到 觉得 ， 说 ， " 我 下属 告诉 我 没有 这样 的 事情 。 "
jianxing wei 也 那些 重视 的 议会 和 合作 之间 交换 两个 国家 ， 希望 双方 都 开展 更 有效率 子 交易所 会 继续 让 关节 为 发展 这 两个 国家 间 的 关系 。
amended 的 法律 提供 ： " 国家 鼓励 和 指南 returnees 和 dependents 海外 中国 投资 建立 起来 的 行业 ， 尤其 是 高 ， 不过 科技 公司 ， 根据 法律 ， 人们 各个 层次 会 给 他们 支持 和 保护 他们 的 政府 合法 的 权利 和 兴趣 被 法律 。 "
在 访问 在 俄罗斯 ， 我 有愧 主席 peng 说 ， 如果 中国 和 俄罗斯 在 很多 方面 经济 可以 相互 补充 ； 有 巨大 的 潜力 ， 和 政府 应该 通过 经济 和 贸易 加强 材料 基于 他们 的 战略 合作 和 合作 合作 。
他 最后 努力 最终 见成效 了 ， 结果 ， 甚至 提 shui - bian 自己 不 愿意 去 期望 的 ， 出现 了 。
不仅如此 ， 商业界 ， 有 大量 的 影响 共和党 ， 希望 和 新 的 政府 能够 维持 友好 的 关系 cpc 的 政权 两种 之间 的 贸易 和 投资 活动 来 促进 。
整个 世界 发展 的 需求 所有 国家 dialogs 强化 和 接触 和 促进 相互理解 理解 。
科学 和 技术 的 发展 不是 只 局限于 自然科学 和 工程学 的 技术 ， 但 也 是 有关 社会科学 领域 。
他 的 演讲 后 ruihuan 友好 的 结论 ， 很多 人 还 在 考虑 在 penetrating 博览会 上 我们 贪得无厌 " 团结 ， 稳定 的 发展 和 繁荣 " 在 他 的 演讲 。
威利 不会 lam 膝盖 上 保持 这个 所以 - 关键帧 叫做 的 多样性 只是 个 借口 。 他 不 想要 与 scmp 花 时间 在 办公室 政治 ； 因此 ， 他 辞职 。
jinchi gu 的 副 主席 委员会 倡导 的 内部 和 司法 npc ， 敦促 那个 会上 的 人们 重视 的 一个 更好 的 工作 在 采用 有机 的 规律 村民 们 根据 实际 当地 情况 委员会 地 管控 法律 。
他 说 ： 与 国际 机构 之间 ， 芬兰 和 中国 在 过去 的 50 年 以来 ， 我们 可 享用 持续 发展 的 关系 。
用 以下 全球 冷战 结束 的 头等 要事 急剧 的 变化 苏联 和 东欧 冷战 在 亚洲 没有 消失 相应 的 模式 。
同时 长 ， 不过 ， 好 的 ， 不过 邻座 ， 友好 人们 两个 国家 中国 和 老挝 之间 的 关系 是 在 最 基本 的 利益 。
所有 的 维护 他们 的 领导 地方性 应该 在 研究 整个 国家 也 应该 支持 。
一个 免费 为 巡逻 或 维护 车辆 通道 应该 而 当 周围 种树 ， 或者 种植 作物 天线 或者 编程 。
haotian 琦 第一个 传播 的 主席 peng 哩 是 关于 好 的 心愿 boumaza 问 boumaza 传达 jiang 总统 zemin 是 bouteflika abdelaziz cordial 好 的 心愿 阿尔及利亚 总统 。
布什 发布 了 一个 晚上 影视 中 的 声明 同样 的 挑剔 戈尔 的 提议 。
xiaohua qiu 把 第一个 四分之三 的 消费 增长 了 百分之 如同 9.9 。 这 就是 或多或少 与 政府 抚养 的 工资 ， 更 高 的 标准 retirees ， 更 高水平 的 城市 社会 安全 ， 漫长 假期 ， 和 促进 住房 改革 。
中国 作为 总是 用 文莱 协调 和 合作 也 代表 准备 好 去 维护 好 的 一面 。
在 " yat - 太阳 sen 宣言 " 发表 在 1922 ， 他 写道 ， " 中国 是 一个 统一 的 国家 ， 这 已经 成为 imprinted 在 我们 国家 历史 。 正是 因为 这种 感觉 我们 已经 能够 生存 作为 一个 国家 。 "
他们 应该 适当 的 执行 完全 认识 的 重要性 " 三个 压力 " 人民代表大会 制度 要求 在 学院 和 大学 教育 的 " 三个 代表 " 意识形态 和 战略 制造 的 角度 来看 ， 政治 ， 和 组织 词 的 挑战 在 新 的 世纪 。
它 的 资产 来 决定 famc 会 合理 的 方法 ， 通过 它 由 mof 。
科威特 是 一个 主要 的 石油 生产 国家 ， 中国 的 心愿 建立 长 ， 不过 词 友善 的 合作 关系 在 科威特 的 石油 ， 继续 扩大 两个 国家 ’ 合作 在 经济 ， 贸易 ， 石油 方面 ， 和 探索 、 拓宽 新 的 路径 合作 。
第二 ， 努力 拯救 设施 和 让 它 流行起来 水 - 关键帧 应该 去 了 建筑 的 水 拯救 技术 。
地区 的 洪水 ， 它 是 必要 的 修补 或 重建 项目 急于 - 组织 大众 坏死 或 被 洪水 ， recondition 淹没 的 土地 ， 强调 的 是 危险 的 水 容量 。
领导者 asean 国家 的 回应 warmly 到 rongji zhu 语音 ； 他们 同意 zhu 理工大学 正面 对 中国 asean 收到 的 关系 ； 他们 满意 的 进步 发展 可 关系 在 过去 的 一年 ， rongji zhu asean 国家 欢迎 并且 表达 谢谢 是 一系列 的 合作 提议 。
咨询 团体 的 聚会 不过 inter 的 " 三个 acknowledgements " 是 这样 的 ： 1 。
奥斯卡 高 的 水平 引进 新 员工 显示 ， 甚至 总部 的 官员 国家 国防 部门 以及 数字 高频 收音机 频率 - 跳跃 rf-5000 不是 从 spared 干扰 。
这 是 不 可能 的 美国 实施 一个 整体 的 遏制 政策 现在 对 中国 。 第一 ， 它 的 盟友 不会 同意 这个 。 其次 ， 这 将 是 有害 的 sino - 美国 因为 我们 现在 已经 开发 了 这样 一个 经济 关系 和 他们 在 其他 方面 关系 。
她 指出 aziz 希望 对 中国 会 继续 玩 一个 重要 的 角色 后代子孙 和 理性 伊拉克 解决 的 问题 。
arats 的 内部 sef 的 是 这 封信 作为 一个 共识 内容 接受 口服 表达 的 计划 。
整个 派对 必须 认真 地 总结 和 加深 对 经济 的 工作 法律 ， 不断 提高 标准 在 经济 工作 的 领导 能力 控制 整个 经济 情况 下 社会主义 市场 的 经济 发展 和 扩展 我们 展开 世界 。
jiaxuan tang 也 传送 jiang 总统 是 kostunica 去 拜访 进行 正式 邀请 对 中国 在 2001 年 他 方便 。
这个 专业 的 管理 团队 有 内在 动机 让 摆脱 次 等 企业 一个 有意识 的 移动 来 保护 他们 的 公司 投资 的 利益 和 责任 来 实现 自己 的 合同 。
首先 ， 它 是 必要 的 关注 加强 cadres 草根 农村 的 质量 。
现在 我 该 做 什么 ？ 我 的 死亡 后 我 应该 留下 什么 ？ " 让 他们 所学 到 的 被 到 rectifying 的 工作 是 错误 的 工作 风格 。
他们 听 很 有 兴趣 。
我们 必须 帮助 农民 解决 实际 生产 和 管理 问题 和 工作 ， 每个 家庭 或者 cannot cannot 表现 非常 好 的 ， 所以 我们 可以 创造 经济 发展 请愿 的 条件 。
他 说 中国 和 彼此 armenia 支持 和 cooperated 国际 组织 和 维持 一个 很 好 的 合作 关系 。
zemin jiang 压力 ： 在 新 世纪 ， 持续 发展 美国 broadest 其他 的 领导 之下 前面 派对 ， 并 集结 了 所有 中国 人 一起 努力 将 可能 成功 带来 伟大 的 再生 中国 国家 。
他们 最大 的 食物 ， 衣服 ， 住房 ， 交通 ， 文化 ， 教育 ， 以及 娱乐活动 钱 用于 的 食物 ， 衣服 表明 只有 一个 中等 的 增加 ， 最大 的 运输 、 电信 、 住房 、 文化 ， 教育 ， 以及 娱乐活动 和 逐渐 成长 迅速 成为 热点 消耗 。
11 个 比较 联邦 巡回 在 亚特兰大 在 下午 12 月 6 一个 美国联邦 巡回 上诉 法庭 上诉 通过 共和党 的 碎片 在 佛罗里达 recounts 手册 反对 接受 的 一面 。
今天 的 中国 人 ， 包括 中国 作家 ， 享受 权利 和 自由 的 深受 法律 保障 ， 包括 言论自由 和 创意作品 。
他 预测 的 国家 进口 和 出口 在 400 亿 美元 一年 可以 顶部 ， 大约 25% 增长 。
放大 显示 这个 会议 的 信息 来源 cmc 在 guesthouse jingxi 从 5 到 9 12 月 。
深刻 的 教训 亚洲 的 金融危机 从小 教导 我们 银行 ， 更 困难 他们 抵抗 猛烈 的 暴风雨 。
在 过去 的 一年 从 macao 回家 ， 中央政府 有 坚定 地 执行 的 原则 " 一个 国家 ， 两个 系统 " 事务 和 管理 政府 支持 的 sar macao 政府 人民代表大会 制度 。
谢谢你们 peng ， rongji zhu 胡锦涛 主席 ， lanqing 友好 ， 和 其他 领导 全副武装 的 核心 权威 ， 也 来到 了 整个 中国 其他 地方 看到 自己 多次 发生 的 城市 社区 发展 。
不同 的 实验 地区 ， 有 总结 了 很多 经验 是 通过 实践 。
在 " 5 - 10 比较 一年 的 计划 " 这段 时期 ， 中国 将 超过 30 卫星 发射 15 类型 ， 包括 沟通 的 卫星 ， navigational 卫星 ， meteorological 卫星 ， 资源 偏远 的 感应 卫星 ， 空间 探索 卫星 。
7 个 月 后 ， 他们 打败 了 他们 的 方式 来 朝鲜 他们 有 一个 战场 力量 与 美国空军 的 ， boasted 10 倍 多 的 飞机 和 50 倍 飞行 的 时间 ， 在 车顶 行李架 是 第一 世界 。
fifthly 必须 强化 参与 的 来源 并 强化 从 宏观 水分 。
在 协议 的 重建 的 结论 首尔 sinuiju 铁路 会 让 这个 北部 - 关键帧 南部 的 经济 动脉 产生 伟大 的 活力 。 这 也 是 在 北 - 南部 的 经济 合作 发展 重大 的 意义 和 建造 " eurasian 大陆 土地 的 桥梁 。 "
我们 国内 的 政策 重要 的 选民 更 多 的 注意力 他们 的 利益 ， 比如 税 ， 社会 福利 ， 医疗 和 教育 。 因此 ， 在 选举 活动 ， 布什 不 把 他 的 能量 他 的 外国 政策 和 他 的 政策 走向 expounding 中国 ， 没有 戈尔 。
新 的 政府 是 可能 的 手臂 销售 台湾 扩展 当然 ， 它 仍然 很难 决定 最终 会 采取 什么 特定 的 政策 布什总统 ， 因为 每 一个 新 的 政府 会 是 不变 的 美国 外交政策 当 它 需要 重新 审视 办公室 。
由 军队 日程 会议 将 计划 mnd 而 不是 普通 的 员工 部门 国家 身为 国防部长 ， 而 不是 普通 酋长 的 员工 ， 会 总统 的 私人 每周 会议 。
这 也 充分 显示 macao 的 人 不仅 可以 管理 macao 嗯 ， 现在 他们 可以 管理 他们 甚至 比 过去 。
但是 后来 ， 李 读 了 他 的 特殊 在 2 月份 的 文章 聚会 小组 不过 跨 性别 的 会议 ， 建议 台湾 回到 1992 年 的 共识 。 他 大陆 的 注意力 吸引 建议 。
增长率 4.2 在 发达国家 ， 5.6 在 发展中国家 ， 35 ％ ， 在 欧洲 ， 6.7 在 亚洲 ， 非洲 在 34 ， 在 拉丁美洲 和 加勒比地区 4% 的 区域 。
在 下午 3:10 ， zemin jiang 总统 和 他 的 听众 到达 msar hou 在 香港 中学 公司 的 首席 执行 埃德蒙 呵呵 wah hau 他 houhua 。
zhihui qiu 回答 他 所有 的 问题 。 " 你 会 开始 macao 呢 ？
北京 ， 20 dec ( xinhua ) - 关键帧 今天 在 他 写 的 指示 国家 的 会议 在 煤矿 安全 的 监督 ， wu 理工大学 bangguo 叫做 为 不断 跟进 安全 的 监督 和 法律 并 严格 的 预防措施 反对 严肃 和 灾难性 事件 。
当地 居民 不 应该 忽视 。
香港 也 指出 当局 是 " yee 太阳 在 " 和 " 14 k " 和 台湾 是 " 四个 黑帮 的 海洋 " 和 " 竹子 联合 黑帮 " 是 对象 被 打压 大陆 警察 。
在 wei zhang 由 的 刚才 所述 wenling ， zhejiang ， 例如 ， 取得 的 " 援助 " 的 wenling 市长 jianguo zhou 前任 wenling 公众 安全 管理局 酋长 weizhong 富有 ， 其他 中国 的 共产 65 。
打压 是 主要 是 针对 在 香港 和 triads macao guangdong 和 台湾 在 triads fujian 和 上海 。
他们 也 要 进行 能量 的 经济 ， 政治 文化 的 事务 建设 和 维护 政治 的 情况 由 社会主义 与 中国 的 特征 稳定 和 团结 。 他们 也 承诺 完整 的 服务 reunification 的 故乡 ， 维护 世界 和平 ， 来 共同 发展 。
北京 dec 22 ( xinhua ) 5 版本 的 法律 ， 包括 法律 上 的 评价 在 国家 国防 环境 的 影响 和 法律 的 教育 ， 第一次 被 参加 约定 到 19 比较 今天 站 在 举行 委员会 (npc) 国会 会议 的 国家 之一 。
上面 的 提议 和 法律 委员会 纳入 修正案 版本 的 视角 。
加里 洛克 成功 地 赢得 他 的 第二个 词 作为 华盛顿州 长 。
贷款 必须 会 被 推广 社会 政治 参与 中国 ， 亚洲 平等 的 社会 ， 和 一些 成千上万 的 志愿者 提高 运动 的 种族 中国 的 政治 参与度 提高 。
作为 hegemonism 和 政治 仍然 存在 ， 并 进一步 发展 和 权力 ， 尤其 是 认真 的 和平 的 国家 统一 基金会 被 威胁 ， 中国 必须 军队 提高 它 的 能力 运用 意味着 保卫 它 的 主权 和 安全 。
打开 时间 和 内容 是 相关 的 。
我们 必须 支持 一个 安静 的 主题 ， 固体 内容 ， 通过 最后 ， gleaning 结果 。 我们 必须 把 我们 变成 fortifying ， 通过 延长 了 ， 并 在 所有 的 方向 。
然而 ， kmt ， 跨度 三个 世纪 以来 ， 必须 仍 面对 一个 意识形态 intra - 竞争 党派 之间 的 斗争 。
在 舞台 上 ， 美国 ” 的 原则 战争 是 台湾 不 去 独立 和 托雷斯 或者 averting 交叉 - 预防 中国 的 力量 和 双方 寻找 一个 和平 的 那些 共产党 人士 不用 。
th 20 世纪 的 纪元 的 特殊 条件 和 特殊 历史 毛泽东 在 中国 创造 了 条件 伟大 的 天才 。
他们 说 所有 的 " 好处 " 是 通过 领导 得到 不同 的 层次 的 成员 由于 紊乱 。
司法部 科学 和 技术 已经 学到 earmark 资金 支持 国际 科学 和 技术 的 合作 。
与 增长 人口 和 快速 经济 和 社会 进步 ， 紧密 的 情况 战略 资源 比如 水 ， 粮食 和 石油 会 在 未来 造成 严重 的 威胁 中国 是 可 持续 发展 。
sino - 积极 的 探索 方式 来 吸引 外国 资本 通过 外国 建了 一个 基金 或 一个 风险投资 基金 。
这 也 学会 了 一个 产业 边缘 一个 项目 或者 结果 产品 出口 获得 外国 交换 ， 外国 政府 应该 提供 的 分配 它 支持 在 商业 为了 金融 贷款 和 外国 技术 进口 先进 的 设备 。
最 关心 的 机构 也 在 东部 必须 提供 西方 大学 大学 和 知识 和 服务 给 他们 更 多 的 支持 在 合格 的 工作人员 。
他 也 在 他 的 演讲 特定 的 要求 明年 的 聚会 的 工作 ， 尤其 是 对于 组织 工作 。
zeng 总理 ， 你 会 在 政策 尊重 请 让 科学 、 技术 、 教育 ， 派遣 在 政策 走向 大 西方 发展 ？
统计 显示 人们 在 fujian 给 我们 捐 了 20 万 人民币 台湾 人 被 地震 ， 完全 compatriots 台湾 展示 他们 深刻 的 身上 。
根据 这个 观点 ， 中国 强大 的 作用 ， 中国 将 不仅 成为 一个 经济 实力 在 下 一个 世纪 ， 但是 也 会 成为 军队 的 力量 。
目前 发展 区域 已经 被 批准 九个 国家 作为 国家 层面 收到 经济 和 科技 发展 地带 。
这些 生态 和 执行 建筑 项目 的 目标 " 重塑 西方 区域 和 美丽 和 优雅 的 山脉 和 河流 " 一定 会 被 的 特性 。
事实上 ， 中国 是 彩色 的 市场 有 很长 的 电视 成为 一个 买家 市场 。 中国 生产 的 能力 是 每年 40 万 一种 颜色 电视 ， 但是 在 国内 市场 的 需求 只有 20 万 集 。
在 我确 和 一段 艰难 的 斗争 ， 中国 的 那些 共产党 人士 整合 马克思主义 毛泽东 时期 这种 手段 和 真实 的 中国 革命 和 建筑业 和 开发 和 邓小平 的 理论 。
shandong ， 根据 相关 的 步骤 ， chengwen liu 被 ， 国务卿 委员会 yangxin 县 的 派对 ， wang ， yangxin 县 的 ， tianhe wang ， 酋长 的 镇 ， 公众 安全 管理局 ， 从 他们 的 帖子 ， 根据 法律 和 调查 。
北京 (zxs) - - 12 月 31 有 重复 引导 的 利息 一个 市场 收到 电话 系统 在 七 、 今年 8 月 ， 最终 在 大型 国际 货币 沉积物 ， 对 利率 自由化 9 月 22 也 很 鼓舞人心 新闻 的 政党 担忧 。
在 它 将 分销 体系 的 补贴 住房 ， 那 就是 ， 人们 会 买 在 他们 自己 的 住宅 单元 。 此外 ， 在 早期 2001 年 ， 中国 大陆 限制 政府 铲除 销售 预期 的 住宅 单元 对 国内 国外 的 买家 。
它 科学 和 技术 现在 在 当今 军队 训练 。 它 的 物流 却 一直 稳定 执行 改革 ， noticeably 提高 它 的 武器 ， 和 它 的 整体 不断 通过 战斗 的 有效性 。 人们 军队 正在 发展 的 成功 在 路上 的 发展 跨越 收到 的 世纪 。
我们 应该 被 国家 债券 也 不断 增强 管理 资助 项目 ， 预防 重叠 和 失明 在 制作 建设 计划 ， resolutely 减少 浪费 ， 建筑 作品 来 确保 在 使用 效率 提高 质量 的 化学键 资金 - 产生 的 那样 。
如果 这 一点 ， 忽略 这 可以 很 容易 导致 错误 和 不同 的 挫折 。
是 选择 作为 国防部长 donald rumsfeld 没有 被 这些 被 要求 的 。
因 与 苏联 ， 一个 超级大国 国家 和 很多 新 的 形势 强大 的 国家 出现 在 国际 政治 阶段 。
一个 高 ， 不过 水平 kuomintang 成员 说 ， " 你 台湾 当局 甚至 不 认识 一个 中国 ， 不 承认 你 是 中国 。 所以 你 想 谈谈 " 小型 的 三个 链接 ？ 太 荒唐 了 。
最 有名 的 成就 中国 在 过去 的 一年 可以 用 外交 4 。 第一 ， 大约 在 中国 和 各种 力量 进步 和 发展 的 稳定 间 的 关系 。
他 只有 重申 这 " 一个 国家 必须 带 着 三个 联系 是 内在 的 事件 在 一个 中国 的 原理 ， 直接 和 bilaterally ， 互相 好处 。 "
guofang shen ： 我们 这些年来 ， 在 联合国 的 机制 接近 小队 和 发展中国家 ( 一群 77 ) ， 青豆 条约 团体 ， nonaligned 运动 ， 和 组织 非洲 的 团结 。 我们 会 去 寻找 我们 尽可能 在 一起 重大 的 问题 。
可以 说 大部分 武器 被 摧毁 了 。 因此 ， 我们 相信 对 伊拉克 的 制裁 应该 心旷神怡 ， 或者 至少 eased 起来 一步 一步 ， 这 也 是 一个 位置 分享 由 联合国 大部分 国家 。
那些 爬 高 anti - 中国 的 梯子 会 更重 。 我们 向 " falungong " diehards 理解 ， 有 好 的 ， rein 在 悬崖 之边 濒临灭绝 ， hongzhi 阻止 这样 的 友好 。
它 是 习得 的 两个 核电站 没有 在 中国 目前 手术 ， 四个 的 建筑 ， 和 一些 新 的 核电站 一代 的 项目 会 开始 在 一年 5 - 10 个 比较 计划 。
当 国际 市场 开放 ， 国内 市场 和 一些 进步 得分 公司 也 努力 探索 。
中国 和 印度 人民 应该 进一步 合作 在 很多 方面 做出 的 贡献 ， 由于 发展 的 世界 的 和平 两个 国家 一样 。
发展 的 游客 行业 需要 协调 发展 的 公民 - 航空 、 铁路 ， 运输 行业 ， 强大 的 支持 经济 - 计划 ， 经济 ， 银行 部门 ， supplementary 服务 提供 给 商业 ， catering - 服务 ， 娱乐 地区 。
这是 事实上 它 是 如何 。
反对 ” 阿拉法特 是 哈马斯 不仅 从 极端分子 组织 例如 ， 甚至 在 " fatah " 组织 ” 阿拉法特 自己 ， 一些 会员 不 满意 ” 阿拉法特 是 妥协 。
我们 必须 继续 进一步 公共 参与 创造 了 城市 的 文明 通过 提供 强大 的 意识形态 保证 ， 精神 上 的 动机 ， 和 智力 支持 改革 和 开放 和 现代化 的 首都 。
波斯尼亚 - 鲍威尔 已经 而 我们 吃惊 herzegovina 冲突 当 他 是 克林顿政府 是 参谋长 联会 的 主席 ， 认为 是 海外 我们 也 很 薄 的 拉伸 力 。
他 说 的 是 ， 从 官方 机构 友好 cpc 和 叙利亚 之间 的 关系 文艺复兴 时期 的 派对 在 1986 年 ， 高 - 交易所 水平 的 调查 一直 携带 有 友好 的 联系人 持续 增加 。
他 让 ahmar 感谢 胡锦涛 主席 。
我们 已经 打下 的 压力 印度 发展 好 ， 不过 邻座 友好 的 关系 。
他 是 通过 " 一个 中国 不是 一个 问题 " 意味着 一个 过去 中国 ， 不是 现在 一个 中国 。
成功 是 在 clincher 重大 的 科学 的 研究 和 实验 的 任务 ， 它 是 每 努力 确保 他们 能 成功 。
当 jiang zemin 和 其他 大楼 的 大厅 中央 的 领导者 来到 东部 的 人 与 参与者 ， 所有 这些 狂热 现在 欢迎 他们 的 掌声 。
显眼 的 问题 在于 植物保护 上 现有 在 农业 科学 和 技术 方面 ， 我们 必须 让 我们 的 大脑 开展 农业 科学 和 技术 改革 和 加速 建筑 结构 和 过去 的 一个 新 的 - 类型 的 农业 科学 和 科技 创新 系统 。
在 过去 的 30 年 中国 和 cyprus 建立 国际 关系 ， 我们 两个 国家 和 领导人 联合 关怀 和 培育 努力 双方 友好 的 合作 关系 中国 和 人类 cyprus 有 新 的 发展 将 。
有些 问题 但是 依然 存在 我们 的 胳膊 两个 国家 ， 例如 销售 台湾 和 nmd 。
想要 剥夺 宗教自由 的 最大 的 力量 ” 能力 控制 和 利用 空间 ， 大部分 与 脆弱 和 小 国家 航空 技术 来 开发 antisatellite 和 其他 空间 武器 。
我们 的 战场 上 电视 侦查 系统 探测 " 的 敌人 " 游击队 因为 他们 都 穿着 anti - 侦查 隐藏 的 衣服 。
在 过去 的 两年 多 困难 的 工作 携带 ， 在 这个 地区 经济 一些 国家 从 最 开始 恢复 金融危机 ， 经济 开始 逐渐 成长 ， 在 正确 的 方向 发展 。
谢谢你们 ruihuan ， cpc 中心 政治 部门 站 在 委员会 成员 和 cppcc 国家 委员会 主席 ， 参加 了 茶 党 。
一些 wto 由 中国 的 委派 来 测量 和 高度 中国 的 重要 成员 的 速度 。
对于 一个 有用 的 建议 收集 新闻 ， 我们 的 相关 部门 由 新闻 机构 ， 即 只 需要 文件 applicant 提供 一个 共同 签署 记者 ， 记者 是 简历 和 计划 收集 新闻 。
以下 的 研究 课程 主要 雇佣 了 6 方法 ： 首先 ， 研究 课堂 适合 他们 的 方法 来 情况 ， 教育 根据 不同 的 人 他们 不同 的 条件 。
在 美国 有 很多 personages farsighted 警告 灌木丛 小心 的 处理 的 台湾 问题 ， 在 胳膊 销售 台湾 问题 ， 所以 ， 没有 影响 整个 sino 的 现状 我们 收到 的 关系 。
在 讨论 " 三个 理解 和 四个 建议 " 共识 达到 被 要 多方 募资 、 单方 停止 任务 小组 ， 他 表达 他 的 位置 更 清楚 被 提出 的 理论 。
在 城市 管理 ， 我们 应该 站 出来 ， 城市 基础设施 建设 和 还是 有 更 多 ， 把 现代 管理 的 重要性 。
对于 教育 ， 布什 提出 了 一个 " voucher 项目 " 能够 帮助 低收入 家庭 把 他们 的 孩子 送 去 私立学校 而 不是 公立学校 。
从那以后 ， 这样 一个 提案 两个 只 需要 签 一个 协议 已经 逐渐 成为 基本 的 概念 之间 的 工业 我们 政策 向 两个 海岸线 。
这个 案例 涉及 cadres 42 派对 政府 ， 15 司法 cadres ， 15 cadres 不同 的 金融机构 。 它 也 涉及 城市 前 wenling 市长 jianguo zhou 前任 wenling 城市 公共 安全 管理局 酋长 永久性 的 weizhong 富有 的 城市 派对 委员会 成员 ， 和 其他 领导 cadres 。
提 yunlin 强调 这 separatism 不 赞成 找到 流行 ， " 独立 台湾 " 也 一定 会 导致 战争 [ dre urhahn tai yi 叮 tiao zhan qi zheng ] 。
在 过去 的 一年 ， 然而 ， 这个 组织 已经 远远 超过 它 注册 自然 的 行为 作为 一个 组织 qigong 推广 展示 的 是 它 真实 的 特点 一个 组织 依赖 国际 的 力量 来 开展 颠覆性 的 frenziedly anti - 中国 的 活动 。
事实 表明 组织 活动 寄主 " falungong " 在 香港 正在 进行 一系列 的 转变 ， 这 真的 是 参与 政治 下 一个 错误 的 宗教 和 文化 pretext 必要 严肃 的 分析 和 伤害 事 可能 支付 严肃 的 注意力 。
双方 也 坦率地 说 友好 的 看法 问题 包括 我们 的 销售额 强大 的 武器 台湾 ， 中国 加入 世界贸易组织 ， 我们 " 国家 导弹 防御 系统 ， " 的 " 剧院 导弹 防御 系统 ， " 和 " falungong 。 "
社会 安全 系统 是 " 安全网 " 社会 稳定 ， 每个 国家 的 一个 " 的 工作 ， 酋长 的 重要性 。 "
如果 美国 是 更 安全 不 应该 nmd 实施 计划 因为 它会 导致 相反 。
谢谢你们 hongzhi 和 他 的 " falungong " 去 目前 人类 生活 的 破坏 ， 这样 做 邪恶 的 事情 。
在 这个 时候 ， 我们 的 策略 基本上 对 中国 拍摄 的 形状 。
我们 已经 做 了 错事 和 面对 挫折 因为 我们 失败 emancipate 思考 和 真实 从 的 事实 。
一个 父亲 是 他 的 孩子 们 最 不可 忍受 的 东西 而 和 滥用 。
是 他们 自己 的 母亲 过来 的 毁 了 ？
创新 是 同 一朵花 从 智慧 和 水果 从 知识 。
外交 establishments 香港 和 参观 的 外国 政府 官员 有 严格 观察 他们 的 地位 和 stipulations 并 不是 算命 活动 相关 单独 或者 在 联系 政治 团体 。
spokesman 说 有些 人 港口 险恶 的 野心 ； 他们 希望 我们 收到 去 会 永久 敌对 的 关系 ， 他们 在 浑浊 的 把握 机会 鱼 。
它 是 学到 了 所有 军事 单位 组织 在 研究 活动 xinjiang 军队 在 进行 教育 的 主题 " 对立 迷信 尊重 科学 " 给 公众 无神论 。
不同 的 单位 也 被 派出 志愿者 参与 了 一些 偏僻 的 农村 地区 给 讲座 当地 农民 和 herdsmen ， 帮助 他们 理解 其中 的 邪恶 " falungong " 和 对 jointly 用来 激发 他们 的 热情 来 护卫 繁荣 和 稳定 的 边境 的 地区 。
文章 ， 名为 " 支持 一个 中国 的 原则 ， 促进 直接 穿过 - 托雷斯 ’ 三个 链接 ， " 说 的 是 ， 所以 - 叫做 " 小型 的 三个 链接 " 将 jinmen 合作 和 mazu 和 fujian 海岸 区域 。
他 说 ： 我们 会 认真 考虑 在 用 你 所说 的 效果 " 报告 ( 版本 为 soliciting 评论 ) 。 "
普通 和 理智 的 人 可能 不 了解 所谓 的 " 升级 " 和 " 寻求 满足 " 呼吁 的 结果 由 hongzhi 哩 建议 。 然而 ， " falungong 是 " 追随者 们 有 立刻 明白 它 人 着迷 " falungong " 也 坚定 地 认为 。
他 说 他 希望 看到 进一步 扩展 程序 来 交换 的 论坛 是 话题 和 文化 ， 教育 和 其他 领域 。
他 说 ： 在 过去 10 年 的 情况 下 显示 台湾 的 商人 投资 在 中国 大陆 已经 有益 的 ， 台湾 。
说辞 报告 并且 通过 我们 的 情报 官员 谈话 ， 说 联邦调查局 准备 列出 了 超过 3000 企业 在 美国 和 中国 的 政府 都 接触 。
特别 是 ， 海外 中国 中国 的 起源 nationals 和 外国 公民 建立 的 机构 来 反对 " 独立 " 和 促进 reunification ， 他们 有 关于 中国 作出 reunification 热心 地 消失 了 。
我们 必须 鼓励 跨国公司 建立 的 研究 和 发展 中心 和 地区 主管 在 中国 的 办公室 。
som 的 是 一个 普通 的 会议 上 被 高级 的 官员 apec 的 成员 经济 。 这 一年 四次 这样 的 会议 将 举行 。
zemin jiang 也 给 客人 一个 简短 的 介绍 在 中国 的 国内 情况 ， 中国 的 观点 在 现有 的 国际 情况 。
大约 在 介绍 竞争 垂直 的 竞争 垄断 介绍 机制 在 垂直 垄断 权力 的 产业 是 用来 ， 我们 必须 重新 原始 的 工业 结构 。
系统 改革 的 力量 产业 工程 ， 特征 ， 复杂性 ， arduousness 。
他 在 让 光线 一些 事实 ， 包括 minzhong 友好 ， fujian 的 省长 宣传 部门 ， 接受 奢华 物品 ， 从 轿车 lai changxing 当 minzhong 友好 的 工作 zhangzhou 国务卿 城市 。
基于 发现 ， 调查 团队 的 结论 可能 osprey 意外 结果 严肃 的 运营 的 错误 由 飞行员 。
的 人们 永远 忘不了 巨大 的 努力 和 柬埔寨 地 协助 柬埔寨 中国 人 已经 给予 人们 他们 国家主权 国家 的 诚实 以及 保卫 关于 国家 和解 和 经济 的 建筑 。 琦 haotian 说 ： 柬埔寨 的 国内 状况 最近 以来 一直 在 改善 年 。
在 一些 单位 的 科学研究 ， 只要 一些 专家 成为 领导者 ， 他们 学术 的 观点 也 可以 成为 " 的 指示 " 绝对 正确 一样 的 观点 。
spokesman 说 因为 这些 国家 也 做 了 这样 的 承诺 ， 当 他们 建立 在 外交 与 中国 有 一个 communiqu 签署 建立 国际 关系 ， 他们 应该 尊重 他们 的 承诺 communiqu 。
建立 在 基层 派对 组织 ， 显然 指出 ningxia 关注 的 教育 ， 采用 的 方法 研究 课程 的 法律 系统 运行 ， 进行 在 那 意识形态 和 政治 教育 处于 粉丝 。
根据 最初 的 医院 检查 ， " 身体 在 一条 直线 和 supine 的 位置 ， 伤害 造成 燃烧 不是 很多 ， 导致 死亡 是 即时 水压 "
换句话说 ， 我们 可能 会 说 ， 我们 可以 规则 ， 怎么 可能 突然 发生变化 在 今年 托雷斯 关系 跨越 - 结果 一些 倡议 在 一个 政党 在 台湾 。
结果 ， 17 评估 的 委员会 成员 ， 他们 抵达 北京 时 ， 会 开始 他们 得到 了 北京 的 是 commencing 奥运 这件 事上 明天 。
他 是 在 hypocritical 如何 不是 说 真话 ！
在 那 之前 ， 它 将 开展 新 的 导弹 辅助 药剂 测试 在 3 或者 4 月 。
bangzao zhu 指出 ： 中国 党派 站 在 伊拉克 一直 坚持 明确 的 问题 。
并 集结 ， 教育 ， 拯救 大部分 " falungong " 从业者 ， 是 整个 社会 责任 。
legqog ， 行政 委员会 自动 地区 cpc 国务卿 和 副 主席 自主 区域 ， 参加 给 一个 重要 的 演讲 会议 。
事实上 ， 去 ， 伊拉克 ， 利比亚 ， 和 伊朗 世界 国家 都 是 第三个 ， 不过 没有 核武器 ， 如何 构成 核武器 的 威胁 美国 ？ 这 确实 是 一些 国家 确实 拥有 一些 着 导弹 ， 伊拉克 ， 例如 。
我 看到 通过 研究 美国 很长 一段时间 ， 我 感到 不安 和 美国 人 都 有 一个 特别 强烈 的 很少 把 自己 的 喇叭 ， 他们 都 觉得 他们 在 这个 或 那个 有待 不 尊重 。
在 这个 斗争 ， 公众 安全 的 城市 xiangyang 器官 ， hubei 省 ， 在 resolutely 发起 攻击 和 消除 与 犯罪 组织 犯罪 syndicate lin yu 由 一个 角色 中风 。 他们 逮捕 罪犯 34 ， 了 39 重罪 行为 ， 没收 12 枪支 。
lin yu 被 黑客 的 顶端 的 男人 yong liu 了 他 重伤 。
liu envoy xiaoming 也 回答 的 问题 筹集 相关 的 观众 。
与此同时 ， 在 乡村 改变 他们 的 草根 鼓励 政府 的 功能 发展 经济 社会主义 市场 的 需求 。 它 有 township downsized 机构 工作人员 ， 推广 村庄 的 自我 ， 不过 政府 ， 很大 的 农村 行政 系统 ， 让 农村 加上 更好 的 适应 改变 了 经济 的 基础 。
它 的 能源 ， 北京 会 改变 能源 来自 煤炭 清洁 能源 ， 比如 天然气 ， 风能 和 太阳能 。
布什 承诺 如果 当选 建立 一个 大 ， 更 高 的 成绩 ， 和 更 全面 的 防御 系统 。
因此 ， 这个 策略 和 俄罗斯 问 美国 英国 把 演讲 是 寻找 一些 大 的 空间 在 它 的 动作 困境 。
在 这个 问题 ， shoukang guo 世界 ， 不过 知名 的 法学 学者 ， 最近 在 很多 方面 ， 中国 需要 准备 立法 尽快 ， 包括 服务 ， 保证 ， 电信 、 和 积体电路 设计 保护 。
pingzhong liu 的 副 主席 协会 的 同事 从 compatriots guangdong ， 欢迎 演讲 。
它 已经 学到 在 16 cpc 比较 国家 议会 ， zemin jiang 会 减轻 后来 中共中央 委员会 cpc 的 将军 他 的 秘书 将 辞职 中国 作为 总统 。 他 是否 会 继续 他 的 帖子 作为 核心 军事 委员会 的 主席 目前 还 不 知道 。
genshen 粉丝 ， 一个 npc 从 其 被 lanzhou logistic 部门 的 联合 力量 和 导演 军队 区域 ， 说 ： " 在 过去 ， 军队 很多 家庭 通常 有 几个 漫画 盒子 把 衣服 。
在 这个 郑重 的 政治 斗争 中 的 人 有 大量 的 先进 出现 。
发展 的 公司 真理 一样 的 主题 的 日子 发展 的 关键 在 中国 解决 所有 问题 。
我们 肩膀 上 的 ， 不是 笨重 。 如何 重 我们 的 特殊 ！ "
在 我们 超过 200 年 的 历史 ， 总共 有 一万八千 人 被 判刑 死亡 只有 38 白色 的 。
一个 嗯 - 最近 的 采访 知道 在 美国 人 叫 brezhinsky 说 他 说 中文 报纸 上 每周 他 已经 大大 美国 由 中国 媒体 与 不安 。
这是 一个 重要 的 问题 在 新 建筑 加强 和 改善 派对 。
胡锦涛 主席 expounded 严重 的 聚会 与 历史 建筑 加强 派对 的 重要性 。
buhe ， 国家 议会 的 副 主席 站 在 委员会 ， jinhua 提 的 副 主席 中国 人 的 政治 consultative 会议 ， jun 与 副 主席 中国 的 农民 和 工人 民主党 中共中央 委员会 ， 也 参加 了 欢迎 仪式 。
问题 ： 在 你 的 观点 ， 为什么 中国 极少数 " covenant " 在 这 一刻 ？
他 说 ： cppcc 参与 的 单元 大部分 resolutely 支持 派对 上 的 核心 是 重要 的 政策 委员会 成员 处理 与 他 / 她 的 " falungong " 问题 。
从 观看 发展 阶段 ， 中国 已经 完成 它 的 工业化 的 兴起 ， 和 它 的 现代化 已经 开始 在 不久 之前 。
zhu 成员 wen - 关键帧 第二 这个 人 父母 给 我 的 名字 难以 角色 在 文本 收到 ] 提出 必须 创造 一个 更 有利 政策 和 市场 的 环境 ， 所以 当 促进 健康 发展 non - 公共 - 拥有 部门 。
jianhui zeng 此后 npc 9 今天 的 新闻 第四个 参加 了 会议 。
伟大 的 努力 会 去 增强 建造 社会主义 精神 文明 和 社会主义 民主 和 法律 系统 ， 改革 处理 之间 的 关系 ， 发展 ， 稳定 ， 促进 所有 的 社会 undertakings 发展 ， 保证 社会 稳定 。
当然 kidd - publicize 课程 海军 释放 的 消息 是 船只 。
dongcheng tang 有 赢得 尊重 他 不仅仅 是 非常 负责 但 也 有 专门 的 努力 研究 科学 的 方法 是 在 满足 官方 的 义务 。
一些 记者 问 一个 网络 - 冲浪 经济学家 ， " 中国 将 真的 能够 完成 7 ％ 的 增长 ？ "
zhang 成员 chunyuan 说 ： 在 最近 几年 ， 农村 地区 有 取得 了 显著 的 成功 建造 他们 的 农业 和 农村 基础设施 。
fazhen zhao 成员 提出 政府 应该 考虑 乐观 的 渔业 一种 基本 的 产业 的 发展 农业 结构 和 农民 增加 ” 的 收入 。
这 首歌 chunying 成员 ， beijun tian ， dingxu hu ， qicheng zhuang ， haikuan zhao ， jiming cai ， shaojun luo 也 表达 他们 的 看法 重建 财政 系统 在 污水 纵横交错 城市 发展 的 技术 ， 等等 。
他 说 ， 作为 一个 老 工业 基地 ， liaoning 也 面临 着 许多 个 问题 。
委员会 由 国家 信任 ， huaicheng xiang 财政部长 提交 了 一份 报告 在 2000 年 的 中非 和 当地 的 预算 是 如何 被 处决 在 2001 年 的 中非 和 当地 的 预算 版本 。
新 的 词汇 来 逃避 审查 的 报告 携带 ， 是 可行 的 ， 让 人们 热情 。
用 成员 特别 的 演讲 并 展示 他们 的 责任 和 理解 和 想法 。 他们 自己 的 意见 也 很 重要 我 认为 这种 精神 应该 带到 玩耍 的 范围 内 国家 cppcc 。
的 ” 轮廓 ” 的 " 5 - 10 比较 一年 的 计划 " 是 延续 了 进一步 的 定义 我们 的 国家 " 3 - 一步 " 发展 战略 。
guxin xiao cppcc 成员 也 提到 了 伤害 在 抚慰 formalism 的 农业 结构 。
副 ruilin wang 说 ： 目前 的 现代化 的 pla 是 而言 ， 一个 伟大 的 重要性 是 真正 的 改善 我们 的 不同 任务 高 - 和 中间 - zemin jiang 的 队友 指导 下 的 重要 程度 cadres " 三个 代表 " 思考 。
huang 局级 说 ： 通过 辛勤 地 努力 的 人 在 上海 ， 历史性 的 各种 改变 已经 在 经济 重建 和 生产力 在 城市 的 力量 。 社会主义 基本 框架 市场经济 在 上海 已经 建立 了 。
他 指出 自从 采用 liberalized 的 政策 改革 和 中国 已经 经历 了 巨大 的 变化 已经 得到 了 显著 的 进步 这样 的 区域 作为 经济 ， 政治 、 文化 以及 外国 。
在 过去 的 一年 ， 中央政府 的 支持 ， sar macao 政府 采用 不同 意味着 破译 在 刑事 的 力量 ， 有 有效 地 safeguarded 社会 稳定 。
pla 的 益处 应该 从 “ 劳动力 ， 材料 和 金融 资源 可以 提供 和 新 的 - 类型 的 军队 正在 训练 ， 提供 坚实 的 基础 为了 赢得 战争 劳动力 和 材料 。
wang 也 说 就 站 在 工厂 工人 的 门 ， 在 自己 的 讨论 ， 没有 冲突 。
" 在 美国 的 圆圈 应该 和 协调 的 人 形成 强烈 的 新 力量 发展 机构 的 创新 。 " 在 早期 的 改革 ， 这些 主要 由 中央政府 赐福 。
派对 委员会 和 政府 都 推广 科学 和 技术 的 进步 水平 应该 把 工作 和 创新 在 一个 关键 的 位置 经济 和 社会 的 发展 ， 应该 有效 地 解决 所有 问题 的 现有 在 发展 。
如果 这些 问题 就 不 正确 解决 ， 影响 我们 的 国家 的 现代化 的 建筑 会 严肃 的 。
另 一个 项目 是 完美 的 工作 环境 保护 ， 做 一个 更好 的 工作 来 减少 污染 与此同时 持续 增加 生产 。
在 回顾 和 讨论 这个 话题 ， 他们 表达 认为 城市化 的 策略 是 一个 重要 的 选择 中国 实现 的 城市化 在 新 的 世纪 。
他们 也 要 tighten 他们 监督 和 研究 后 的 企业 ’ " 三个 压力 " 教育 。
去年 ， 在 考虑 的 婚姻 进行 修正 法律 ， npc 站 在 满长 委员会 请求 来自 社会 的 圆圈 意见 不同 形式 的 ， 也 关注 给予 玩 的 女性 角色 是 组织 。
谢谢你们 peng ， 中共中央 委员会 的 行政 副 主席 ， 与 jun ， shiming zhang ， 提 pozhu ， hongchen yan ， 首歌 jinsheng ， zhaoliang zhu ， 提 jiansheng ， 提 zhongxing ， daning zhang ， huanchen zuo ， 或 guowei ， 副 chairmen 的 中共中央 委员会 ， 参加 了 会议 。
在 cppcc 会议 里 ， 知识产权 成为 了 一个 cppcc 在 这个 讨论 的 成员 。
在 他 的 有生之年 ， 邓小平 说 ， " 是否 所有 我们 改革 会 最终 成功 还是 取决于 政治 系统 改革 。 "
代表 bingxiang guo ， 总统 主席 和 执行 太阳 的 特性 有限 的 kai 挂 在 香港 ， 说 ： 中国 现在 是 把 本身 成为 世界 上 最大 的 工业 生产 基地 。
中国 的 军费开支 完全 不同于 西方 国家 整体 上 ， 军费开支 中国政府 比 这 更 少 的 美国 和 其他 西方 国家 甚至 印度 军费开支 是 超过 中国 。
他 也 告诉 布什 的 rok 会 继续 努力 推广 与 rok 会 指望 去 的 每 一步 所以 在 美国 rok ， 不过 去 关系 可以 同时 rok 和 美国 的 利益 。
虽然 1 ％ 的 人口 拥有 一个 45% 的 社会 财富 ， 高 收入 那 10 ％ 不会 成为 " 主要 纳税人 " 收入 税 。
现在 ， 一个 由 社会主义 国籍 一个 新型 的 关系 中 团结 ， 平等 ， 和 互相 协助 在 不断 已经 被 开发 ningxia 。
在 这些 机会 和 面临 的 挑战 ， 我们 必须 努力 跟上 [ 与 其他 国家 ] 为了 不 被 不配 跨过 学校 整个 国家 的 核心 权威 和 期望 的 人 。
对于 权利 喜欢 被 wto 成员 ， 投资者 贸易 和 服务 行业 在 中国 将 能够 享受 更好 的 治疗 方法 进一步 探索 国际 市场 就 像 一些 国家 会 逐渐 禁止 他们 discriminative 政策 和 对 中国 测量 。
这 一年 计划 计划 在 海外 5 - 10 比较 的 投资 能够 利用 中国 的 优势 应该 鼓励 和 领域 ， 渠道 ， 国际 经济 和 科技 的 合作 方式 应该 扩大 了 。
中国 努力 的 信息 从 外面 的 世界 已经 增长 了 一个 新 的 领域 " 介绍 来自 国外 事情 " 去 " 的 国家 。 "
在 一个 记者 的 问题 关于 中国 经济 的 影响 之后 香港 和 macao 加入 wto ， guangsheng shi 说 ， 除了 发展 机会 会 带来 中国 大陆 ， 中国 wto 香港 和 macao 入口 会 有 一个 积极 的 影响 。
mideast 的 问题 也 是 在 布什 选举 活动 ， 必须 要 讨论 的 问题 之一 。
之后 我 收到 了 这种 直接 ， 在 一个 精确 的 时间 ， 完成 了 迅速 的 准备 工作 单位 为 战争 准备 导弹 ， 他们 发表 了 导弹 一个 特定 的 军事 港口 特性 条件 下 ， 确保 能够 携带 的 船 踏上 时间 。
guoqing 富有 ， 其 npc 来自 台湾 ， 说 ： " 这是 和平 的 国家 - 爱 的 人 在 想 看到 的 世界 - 太平洋地区 和 亚洲 。 "
它 不是 像 哪里 产生 电视 集 或者 vcds 关节 项目 可以 被 组织 购买 专利 的 技术 。
在 今年 的 9 5 - 计划 ， 我们 植入 一个 完全 1.5 亿 liaoning 树 ， 在 一年 5 - 10 比较 计划 ， 我们 就 会 植物 另 一个 2.8 亿 树木 。
他 说 ： 中国 很快 就 会 进入 wto 。 外国 政府 资本 规定 公布 之前 ， 中国 将 不会 有 新 的 co - 投资 电信公司 在 一个 实验 基础 。
只有 与 机会 ， 没有 时间 ， 不过 向前 发展 我们 可以 实现 跳跃 expediting 飞到 总体 的 国家 力量 。
发展 后 我们 收到 的 关系 引起 全世界 的 注意力 中国 新 的 接管 了 我们 的 政府 。
更好 的 hoarse 有 一个 共同 领导 rave 自己 比 cadres presentable 做些 说 ： 没有 弱 军队 在 一个 有 能力 。
lee 和 脑子里 lu 分享 的 日本 中国 ， 他们 detest ， 贬低 ， revile 。 他们 对 日本 aggressors 心存 感激 。
因此 ， 现在 ， 一个 cannot 排除 可能 在 伊朗 政策 规划 应对 新 我们 政府 会 接受 更 实用 的 方法 以便 逐渐 提高 国家 的 关系 。
如果 sino - 3 即将来临 的 主要 测试 我们 相互 关系 已经 在 探索 在 两个 月 布什 政府 把 办公室 ， 这 两个 国家 间 的 关系 可能 接下来 的 几个 月 的 脸 三个 主要 的 测试 。
首先 ， hongzhi 哩 刑法 和 他 的 合作伙伴 违反 了 中国 。
guelleh 说 ： 吉布提 贯穿 非洲大陆 友善 的 合作 和 中国 愿意 进一步 扩展 领域 ， 欢迎 中国 企业 发展 在 吉布提 贯穿 非洲大陆 的 矿物质 和 其他 自然资源 参与 ， 参与 吉布提 贯穿 非洲大陆 的 经济 发展 的 过程 。
这些 天 ， 外国 的 商人 在 中国 有着 另 一个 话题 的 对话 - 关键帧 问到 的 " 修正案 的 外国 收到 的 合资 企业 法律 sino " deliberated 收养 了 第四个 会议 的 第九 国家 国会 通过 (npc) 。
我们 期待 社会 安全 系统 放在 一起 的 框架 是 独立 的 企业 和 机构 ， 有 多元化 的 资金 ， 全部 标准化 ， 提供 教育 服务 。
队友 邓小平 它 francaise 的 主席 。
有些 人 甚至 提出 邀请 去 拜访 hongzhi 哩 很 高 的 - 水平 接收 到 台湾 和 威胁 要 给 他 " 创造 了 一系列 的 反应 ， " 等等 。
结果 是 ， 有 一个 更 可靠 对 资源 的 资金 来 保证 支付 财政部 的 利益 债券 。
它 是 必要 的 融入 到 b - 开放 分享 的 市场 政策 的 执行 居民 在 大陆 上 ， 积极 的 相关 研究 机构 投资者 在 更 吸引 测量 从 外面 的 地方 大陆 ， 所以 当 向 范围 来 分享 市场 的 功能 b - 吸引 对外 投资 。
35 单位 的 文章 ， academies ， 或者 在 军事 学校 参与 科学 的 研究 会 介绍 一个 系统 在 检查 他们 的 任期 在 军队 派遣 科学研究 的 办公室 ， 通常 ， 压力 的 政治 意识形态 ， 研究 结果 、 专业 标准 ， 闪耀 的 能力 新 的 痕迹 ， 等等 。
在 这些 困境 ， 一个 我们 思考 报告 在 去年 美国 的 几家 控制 的 角色 在 亚洲 " 是 一个 混合 的 招待会 " 因为 亚洲 的 金融危机 表明 " 当 美国 朋友 需要 帮助 ， 美国 无法 帮助 他们 。 "
在 这种 情况 ， 美国 最好 的 选择 是 真的 earnestly 遵循 一个 - 中国 政策 ， 减少 阻止 它 的 军队 的 手臂 销售 台湾 ， 尤其 是 制止 卖 " aegis " 出来 的 系统 possessing 台湾 。
自从 诞生 马克思主义 ， marxists 一代 一代 有 深受 法律 abided 练习 ， 认知 进一步 练习 ， 进一步 的 认知 ， 和 时间 的 进步 ， 不断 地 研究 了 新 的 环境 ， 解决 新 的 问题 ， 和 创造 新 的 经验 ， 就 在 impelling 马克思主义 该 打开 了 新 的 领域 。
这个 是 实际 测量 ， 每 衡量 的 是 多利 ” 。
在 6 在 晚上 2 月 26 ， 一个 女人 他 的 失踪 报告 的 kip shek 凯拉 警察局 。
它 是 我们 的 一致 站 把 真的 " 三个 交易所 " 在 早期 的 日期 和 托雷斯 原则 " 一个 中国 ， 直接 和 两个 收到 的 方式 ， 和 互惠 心态 和 互相 好处 。 "
谢谢你们 xiaoyan 告诉 他 的 老师 ： " 我 不 关心 分数 会 得到 。
我们 必须 保持 犯罪 的 工具 ， 甚至 逮捕 谁 来 我们 家 的 语气 对 小偷 ！
这个 碰撞 空中 在 中国 南部 中国 已经 引起 了 强烈 的 indignation ， 他们 说 这 是 另 一个 在 中国 的 大使馆 轰炸 之后 血液 的 债务 到 中国 人 人生 南斯拉夫 ， 我 没有 夸张 。
作为 一个 变量 增加 我们 的 胳膊 销售 台湾 北京 和 华盛顿 如何 处理 这 架飞机 撞击 事件 。
最 荒谬 的 事情 是 我们 描述 我们 的 一面 飞机 ， intruded 到 了 中国 国家 的 空间 和 运回 中国 lingshui hainan 机场 ， 我们 的 领地 和 免疫 和 做出 一系列 需求 的 中国 人 的 权利 。
我们 的 飞机 违反 了 相关 的 规定 在 联合国 会议 避免 危险 的 共识 在 相关 法律 和 也 受损 的 海洋 海面 上 的 军事行动 去年 到 中国 和 美国 之间 的 可能 。
就 像 jiang 总统 zemin 指出 ， 完全 在于 我们 的 责任 这个 事件 ， 和 我们 应该 向 中国 人 的 一面 。
第五 必须 保护 学生 人们 fervor 爱国 ， 但 我们 必须 需求 每个 人 都 保持 在 他们 的 工作 公布 的 信息 和 制止 拿 着 街道 游行 ， 他们 应该 相信 sino 中央政府 是 有 问题 ， 不过 我们 关系 。
正义 在 人们 的 内心 ， 我们 国际 社区 包括 人们 会 评估 中国政府 后代子孙 人们 对 诚信度 ， 聪明 程度 友善 度 信誉 ， 和 管制 。
的 " 京都 协议 " 的 文件 1997 年 是 一个 重要 的 国际 人类 历史 上 的 影响 气候 的 变化 通过 努力 控制 的 人 减少 自己 的 行为 。
在 3 4 ， 日本政府 宣布 版本 的 批准 2002 年 的 历史 写 一些 教科书 rightist 学者 。 通过 曲解 真实 的 历史 事实 ， 进攻 甚至 在 日本 的 历史 打 网络游戏 glosses 教科书 的 傲慢 它 的 militarism 。
所有 的 国家 ， 是否 南北 和 大型 或 小型 ， 应该 成为 全球化 的 受益者 。
总统 在 拉各斯 然后 举行 一个 仪式 欢迎 jiang 总统 zemin 宫殿 总统 面前 宪法 广场 。
在 5 4 ， 他们 送往 当地 的 军事 医院 因为 他们 的 血压 是 太 高 了 。
因为 他 进行 选举 而 来 的 力量 ， 布什 还 没有 一个 affirmed 外交政策 。 此外 ， 各种 信号 manifesting 那些 担忧 危险 的 信号 成为 主要 的 溪流 。
绵延 上 千里 ， apr 6 ( xinhua ) - 在 6 - 4 ， prc jiang 总统 zemin 演讲 的 标题 " jointly 友好 之间 的 合作 创造 一个 新 的 世纪 中国 和 拉丁美洲 " 在 联合国 经济委员会 拉丁美洲 、 加勒比海 地区 绵延 上 千里 的 。
我们 希望 发达国家 给 发展中国家 的 利益 考虑 到 更好 地 利用 ， jointly 解决 这些 问题 的 小 基金 ， 请 重 的 债务 我们 面对 脆弱 的 经济 状况 和 发展中国家 technologic 落后 的 条件 。
你 的 完美 去过 中国 在 1985 年 ， 我 相信 ， 当 你 去 中国 ， 你 一定 会 看到 很多 改变 已经 在 中国 和 你 的 拜访 一定 会 非常 有益 的 地方 去 中国 和 智利 之间 的 合作 相互理解 增加 嫉妒心 友好 。
北京 apr 7 ( xinhua ) - 关键帧 司法部 最近 一个 国家 会议 正义 不同 的 董事会 成员 ( 分社 ) 公开 研究 的 国家 公共 安全 的 会议 精神 和 实施 重要 的 核心 当局 对 工业化 的 协议 " 罢工 ， 不过 难 " rectification 斗争 。
我们 希望 中国 会 增加 投资 在 智利 和 更好 地 利用 智利 seaport 和 机场 的 设施 。
他 说 ： 智利 法律 体系 有 很多 好 的 体验 ， 这 是 值得 学习 和 使用 像 我们 一边 参考 。
从 特殊 的 飞机 降落 之后 ， zemin jiang 总统 和 他 的 妻子 yeping wang 迎接 由 阿根廷 总统 费尔南多 . de la rua 和 政府 官员 执着 斜坡 。
在 16 比较 派对 国会 在 讨论 在 中心 的 领导 能力 一堆 画中 几天 前 ， 站 在 cpc 委员会 成员 进入 中共中央 委员会 的 政治 部门 [ 中央政治局 之前 ] 获得 决定 加上 两个 年轻人 中央政治局 之前 在 50 和 secretariat 在 16 中共中央 委员会 的 国会 比较 派对 。
历史 的 问题 一直 震撼 的 敏感 神经 在 这些 国家 的 人 在 收到 日本 激奋 。 然而 ， 在 过去 的 几十年 里 ， 有 谁 继续 一直 有些 人 在 日本 戳 在 这个 地方 。
在 日本 ， 中国 ， 在 世界 的 各个 地方 ， 一个 可以 看到 这种 移动 的 场景 。
或者 是 一个 清楚 易懂 的 历史 让 它 简化 的 历史 复杂 只能 导致 更 多 的 抗议 和 indignation 。
brasilia ， 11 (xinhua) apr - 关键帧 中国 和 巴西 的 两个 发展中国家 最大 在 东部 和 西部 产生 。
有人 说 我们 的 工业 经济 是 一个 重大 的 杀手 世界 的 环境 。
过去 与 犯罪 offences 现在 在 成倍 的 类型 变得 更加 有害 。 斗争 " 攻击 难 " 是 首要 去 维护 社会 安全 与 稳定 的 链接 。
我们 必须 实施 " 攻击 难 " 政策 所有 链接 的 打压 罪犯 ， 比如 调查 ， 通过 逮捕 ， prosecution ， adjudication ， 改革 在 监视 和 做 个 商议 好 的 努力 " 攻击 困难 。 "
像 温暖 水流 很多 电话 ， 字母 ， 从 嗯 - bouquets 花朵 wishers 人 担心 wei wang ， 并 huzhou ， lingshui ， 北京 。
在 1730 在 11 四月 ， prueher ， 我们 的 政府 plenipotentiary 和 大使 中国 ， 并 jiaxuan tang 道歉 中国 外交部长 一个 字母 ， 这 ： " 总统 布什 和 国务卿 中国 的 飞行员 失去 鲍威尔 表达 对 他们 的 真挚 的 遗憾 飞行器 坠毁 。
因为 双方 有 consultative 和 合作 精神 在 那里 ， 他们 到 了 " 赢 奥斯卡 赢 " 结果 接受 。
换句话说 ， 它 可能 是 台湾 会 开始 收购 " 的 大脑 " 或 战斗 系统 destroyers aegis 没有 " 的 身体 ， " 是 ， 没有 hulls 。
这 是 最 敏感 神经 在 之间 的 关系 " 中国 " 和 美国 ， 并且 ， 如果 它 变成 现实 ， 中国 的 共产 的 挑战 宗教 时能 引起 那么 多 可以 想象 这 是 不 可能 的 美国 不 知道 这 很 重要 的 处境 。
那么 为什么 我们 需要 aegis 船只 ？
在 它 的 经济 和 社会 undertakings 中国 已经 取得 了 很大 的 进步 ， 但 attaining 有 信心 发展 保持 一段 艰难 和 我们 的 任务 ， 我们 的 目标 。
wei wang 是 值得 的 例子 所有 的 官员 男人 在 军队 效仿 。
高 的 增长率 投资 国家 的 政策 增加 投资 项目 之一 资助 国家 债务 ， 也 是 去年 在 同一 时期 的 底部 与 事实 是 ， 相比之下 ， 领先 低 今年 建设 阶段 到 计划 。
然而 ， 失业率 上升 速度 已经 从 台湾 当局 发行 的 政策 " 没有 haste ， 病人 " 在 1996 年 。
论点 2 。 责任 的 谎言 和 中国 因为 中国 让 飞机 事故 监测 和 跟踪 我们 军事 侦察 飞机 。
我 建议 那些 认为 他们 是 聪明 的 ， 不是 miscalculate 情况 。 "
一个 信号 的 广州 军事 地区 进行 令人满意 的 团队 在 这方面 探热仪 。
只有 在 美国 签署 了 28 年 之后 的 国际公约 ， 消除 种族歧视 的 形式 做 批准 。 在 国际 公约 公民 的 权利 和 政治 的 权利 ， 来到 15 年 后 签署 联合国 协定 。
三个 例子 是 ： 抢劫 事件 和 谋杀 由 lixing yan 和 其他人 在 四川 ， 河南 jianli 和 抢劫 事件 和 谋杀 由 中国 ； 和 抢劫 事件 和 thefts 由 deng xingzhong 和 他人 。
在 其中 有些 逃离 领域 ， 造成 巨大 的 损失 是 国有资产 和 一些 国家 ， 不过 拥有 企业 困难 继续 运营 。
在 众多 zhang 的 jun ， mingyan 富有 非法 被 火器 jun zhang 手中 是 犯罪 黑帮 和 帮助 jun zhang 他 在 他 犯罪 的 摧毁 的 工具 。
当 公共 检察官 阅读 " jing zhang 受害者 ， 女性 ， 29 岁 去世 的 时候 ， " 眼泪 从 69 - 眼睛 一年 gushed zhang degui 。
尽管如此 ， 在 这个 时刻 ， 一个 侦查 飞机 携带 一个 国家 军队 飞行员 穿着 " 圣诞节 帽子 " 到 空间 另 一个 主权国家 国家 ， 而 非 领土 和 " 圣诞节 礼物 " 它 寄给 没有 其他 的 威胁 和 在 ！
政府 区 和 军事 领袖 们 ， 5 西南部 的 区域 ， 即 四川 ， 中国 guizhou ， yunnan ， 和 西藏 ， 最近 一个 签署 " 决定 在 西南部 的 公民 空气 防御 加强 剧场 "
在 保持 健康 和 稳定 的 sino - 日本 的 关系 和 基本 的 人 在 两个 国家 利益 他们 的 后代 。 他们 也 会 促进 地区 世界 和平 和 发展 。
然而 ， 自从 建立 的 外交 中国 和 美国 之间 的 关系 ， 我们 有 失败 严肃 的 一面 和 严格 见到 它 的 承诺 。
和 中国 是 一个 很大 的 船 一个 好 的 steersman 。
不过 - 一个 有 凝聚力 的 国家 必须 有 深深 的 爱 它 的 故乡 。
qiyue zhang 说 ： 一直 增 原理 相反 的 就诊 到 yasukuni 会修 日本 中国 的 政治 人物 。
否则 我们 将 不得不 熊 一面 therefrom 挖掘 所有 的 后果 。
二号 长 - - feng hsiung 一枪 范围 的 海军 测试 台湾 supersonic antiship 导弹 从 cheng 功夫 ， 不过 课程 frigate 。 大多数 武器 的 测试 范围 攻击 久 ， 不过 武器 ， underscoring 台湾 军队 的 新 " 海外 的 决定性 的 战役 " 战略性 的 概念 。
在 晚上 ， 他 把 群体 的 研究 教条 。 他 被 一个 hongzhi 友好 的 肖像 一个 圣坛 在 家里 非常 " 虔诚 的 。 "
他 说 ： 中国 保持 着 良好 的 关系 和 所有 国家 都 在 欧洲 ， 希望 进一步 巩固 和 做出 如此 友好 的 关系 。
他 高度 评论 的 发展 和 成就 中国 在 经济 的 建筑 ， 而且 还 说 他 感到 自豪 的 奥地利 的 企业 能够 参与 中国 的 发展 。 他 说 他 充满 了 信心 领域 的 两种 未来 之间 的 合作 。
" falungong " 持续 的 电话 ， 填充 他们 的 材料 到 邮箱 ， 发布 了 很长 的 文件 ， 其他 重要 影响 的 记者 是 招待会 信件 和 文件 。
一些 分析师 相信 的 事件 ， 人们 察觉到 布什 政府 的 中国 政策 现在 越来越 接近 这个 想法 第三个 的 类别 里 。
然而 ， 在 过去 的 一年 左右 ， 新 的 领导者 拒绝 意识 到 一个 - 中国 和 台湾 当局 一直 有 repudiated 不断 地 1992 年 作为 共识 到 两个 组织 。
社论 说 ， 如果 " 共识 ， " 作为 第一步 ， 是 否认 ， 和 交换 最 基本 的 对话 不 可能 的 ， 不管 有 多少 布满 了 语言 ， 它 是 多余 的 讨论 如何 减少 两种 之间 的 误解 。
之后 的 结论 官方 参观 了 乌克兰 ， jiaxuan tang 和 他 的 派对 在 27 4 月 到达 莫斯科 参加 的 外国 ministerial 会议 " 上海 5 " 和 支付 官方 访问 俄罗斯 。
压力 应该 在 这 之前 不断 跟进 法律 教育 进一步 cadres 在 不同 的 层次 ， 司法 派遣 ， 行政 法律 enforcers 不过 ， 青少年 ， 和 企业 经营者 经理 。
我 希望 你们 能够 让 创新 成为 的 人 寻求 真相 和 冒险 。
目前 全球 经济 互相 依赖 的 时期 ， 发展中国家 和 国家 的 经济 接受 经济 重建 也 一定 会 影响 在 工业 国家 的 经济 增长 假设 尤其 是 主要 经济 力量 。
然而 ， 至少 在 短时间 内 ， 新德里 应该 保持 冷 的 事件 和 态度 看 发展 不 应该 rashly 展示 它 站 。
很 明确 台湾 compatriots 需求 台湾 的 权威 意识 到 1992 年 的 共识 ， 希望 的 演讲 两个 组织 resumption 尽快 和 托雷斯 跨越 - 改进 关系 。
以下 是 给 表演 选 自 访谈 。
我 在 大学 作为 一个 牧师 他 研究 了 一个 农夫 的 儿子 对 我 自己 想 的 ， 不过 我 没有 考虑 这个 。 我 检查 我 的 良知 发现 没有 我 感到 羞耻 在 我 的 工作 在 过去 的 几年 。
xiaohu hou 优势 和 其他人 把 他们 的 过去 在 海关 工作 ， 和 因素 知道 许多 人 被 熟悉 的 工作 ， 在 刑事 走私 活动 一个 非常 dishonorable 的 角色 。
然而 ， 由于 可怜 的 天然 条件 下 ， 农民 还 在 日常生活 中 有 很多 困难 。
布什 说 ： " 我们 需要 一个 新 的 框架 允许 我们 建造 导弹 防御 不同 的 威胁 来 应对 当今 的 世界 "
jianmin wu 说 ： " 所以 ， 不过 叫做 政治 是 实际上 激发 的 对峙 ， 这次 是 不 受欢迎 的 。
中国 人民 自由 的 宗教信仰 和 美国 是 宗教 圆圈 有 真正 经历 没有 对 做出 错误 的 评论 是 关于 中国 的 自由 的 宗教信仰 。
3 - 时刻 的 共识 找到 的 内部 会议 权力 的 来源 表现 出 跟 随着 他 的 假设 ， 我们 立刻 被 布什总统 中国 的 战略 竞争者 ， 中国 甚至 exerting 持续 的 压力 各 的 威胁 。
布什 现在 ， 不过 显然 是 故意 设计 风格 提出 这个 项目 的 执行 " anti - 着 导弹 条约 ， " 全球 安全 与 颤抖 共处 的 基石 ， 发出 一个 新 的 一轮 军备竞赛 。
他 在 印度 公众 演讲 的 压力 会 试图 建立 友好 的 合作 ， 好 的 邻座 ， 中国 互惠 的 关系 。
在 1997 年 7 月 1 日 ， jiang 总统 zemin 申明 到 世界 的 ： 中国 在 香港 政府 已经 恢复 练习 主权 ， prc hksar 政府 已经 被 建立 。
从 评判 使用 的 资金 ， 吸引 对外 投资 在 一个 相当 高 成本 区域 ， 外国 含有 大量 资产 的 产量 交换 相当 低 的 回报 它 拥有 2 的 67 次方 减去 1 / 3 的 全球 外国 保护区 ， 但 是 无法 抵抗 国际 推测 的 资本 的 影响 。
从 受 很大 inflows 和 亚洲 金融市场 预防 outflows 的 资金 ， 亚洲 国家 应该 努力 建立 一个 统一 的 亚洲 邦德 市场 一起 。
穿过 - s 和 托雷斯 之间 的 交易所 不 在 学术 交易所 的 范围 ， 和 深度 派遣 增加 。
中国 保持 和 所有 双方 的 联系人 交流 。 会 最终 的 目标 是 这些 问题 解决 在 日内瓦 的 以及 多方面 的 演讲 。
中国 美国 anti - 协会 是 为了 建立 在 海外 通过 28 4 月 纽约 中国 洗衣 协会 ， 是 建立 在 1993 年 。
最后 越高 的 人 法庭 省长 yunan 的 远祖 adjudication 。 pu yuebin 被判 坐监 死亡 的 政治 的 权利 剥夺 的 生活 ， confiscation 人民币 耗资 50 和 一个 很 好 的 10000 人民币 。
中国 和 美国 还 没有 达到 任何 协议 如何 回报 间谍 飞机 。
第四 ， 改善 规范 和 国家 国防 教育 规则 ， 强化 执法 监督 和 研究 后 。 国家 国防 教育 法律 获得 更 多 的 细节 的 国家 国防 stipulations 的 法律 和 教育 法律 在 国家 国防 教育 。
最近 ， 很多 词 和 漫画 笑 中国 人 一些 我们 遭遇 媒体 。
不过 是 在 旅行 rongji zhu 理工大学 的 主要 目的 是 深度 的 看法 双边 关系 和 交换 关注 的 领袖 与 国际 问题 互相 这些 国家 ， 以此 来 巩固 中国 传统 的 友谊 这些 国家 提高 互惠 的 合作 。
在 机场 zhu 理工大学 rongji 读 一个 短 写 的 演讲 。
非常 满意 财政部长 会议 训练 课程 ， 说 的 课堂 在 合适 的 方式 ， 希望 更 多 的 课程 会 。
多亏 了 巴基斯坦 参与 经济 描述 项目 。 中国政府 愿意 去 鼓励 中国 的 途径 去 主动 参与 到 这样 的 建筑 和 做出 的 努力 去 帮助 巴基斯坦 的 经济 发展 。
从 长远 来看 ， 印度 崛起 一个 时间 问题 ， 这 还 不是 很 清楚 是否 印度 想 成为 " 一个 世界 的 杆子 " 进入 冲突 和 美国 的 众多 的 利益 。
事实上 ， 从 灌木丛 armitage 传播 的 一个 字母 印度 总理 behari atal vajpayee ， 这 表明 他 在 约会 期盼 参观 了 印度 来 修复 。
通过 技术 和 很多年 ， 我们 收到 印度 的 关系 是 最终 打开 一个 新 的 章节 ， 他们 要 移动 到 的 进步 和 合作 。
佛教 僧侣 尼姑 来 保证 宗教 的 自由 ， 宗教 粉丝 ， 在 过去 的 20 年 左右 ， 中美洲 和 藏族 本地 政府 投资 总共 有 超过 300 万 人民币 维持 寺庙 和 宗教 活动 场所 。
在 haihe 河谷 解决 用水 问题 ， 尤其 是 在 北京 tianjin ， 和 其它 大城市 ， 有 一个 带有 在 整个 国家 的 发展 因此 有 很大 的 意义 。
伴随 着 副 理工大学 lanqing 哩 在 研究 后 是 负责 的 官员 部门 担心 ， 包括 chunzheng wang ， 刘旭 rongkai ， qiang gao ， xinkui lu 。
是 非常 相似 的 时候 " 国家 - 到 收到 的 国家 理论 " 是 两年 前 规范 。
作为 社会 进步 ， 持续 发展 证明 了 人类 能力 的 最 伟大 的 力量 。
huang 局级 上海 急切 的 年轻人 变得 严肃 的 人 servicemen 10 全家老小 模仿 先进 pacesetters 通过 研究 。
这 也 是 在 niutoushan zhejiang 。
穿过 - 限制 的 能力 台湾 当局 托雷斯 经济 和 贸易 1996 年 后 的 合作 是 逐步 减少 台湾 托雷斯 危机 ， 在 过去 的 主要 问题 - 托雷斯 从 进化 的 关系 " 那些 代表 中国 " 和 " 如何 实现 reunification " 变成 一个 独立 的 越来越 强烈 反对 斗争 和 促进 reunification 。
晚上 要 保证 潜在 的 动作 ， 这个 强化 训练 团队 和 执行 动作 没有 晚上 照明 和 提供 技术 支持 ， 渐渐 打破 了 " 瓶颈 " 在 晚上 动作 通过 不同 的 手术 训练 ， 看到 训练 群体 训练 。
如果 nmd 计划 被 接受 它 会 粉碎 全球 战略 平衡 ， 稳定 ， 在 互相 信任 和 合作 破坏 世界 上 最 伟大 的 国家 ， 阻挡 武器 国际 的 努力 使 传播 减少 ， 触摸 一个 新 的 军备竞赛 。
你 的 国家 有 一个 很长 的 历史 ， 美丽 的 scenery 和 丰富 的 资源 。
根据 报告 ， 从 bian 政府 已经 在 一年 中 的 力量 ， 岛上 自杀 事件 的 数量 已经 达到 2600 ， 平均 每天 7 ， 最高 在 9 年 。 此外 ， 最 常见 的 原因 是 自杀 的 是 他们 失去 了 工作 。
这 之所以 是 非常 重要 的 、 收到 的 时间 。
在 今年 3 月 ， 台湾 当局 公开 支持 " 独立 台湾 " 元素 信教 的 第一次 岛 聚集 在 台湾 " 会议 的 人 在 台湾 整个 世界 的 起源 ， " 这 一步 一个 " 独立 台湾 " 接 一个 的 闹剧 。
之前 他们 的 起点 ， 给 得到 的 团队 成员 集体 的 训练 。
这 一次 ， 我们 telephoned 我们 的 记者 谁 在 西藏 报道 的 新闻 huadi liu 在 西藏 两代 人 对话 在 这些 同胞 changming 收到 一条 高速公路 富有 ： 西藏 qinghai - 高速公路 是 一个 离 太阳 。
虽然 双方 不同 的 历史 文化 传统 社会 系统 ， 和 国家 的 条件 下 ， 我们 仍然 在 分享 类似 的 观点 共同 的 利益 很多 大型 国际 问题 。
在 过去 的 50 年 ， 中央政府 和 其他 国家 的 人们 都 在 起跑线 西藏 关心 和 支持 发展 的 进步 。
自从 冷战 终结 ， 它 已 成为 常见 的 渴望 和 世界各地 的 人们 来 取代 antagonism 对话 ， 和 合作 。
geleg pagbalha namgyai ， npc 的 副 主席 站 在 委员会 和 cppcc 地区 的 委员会 主席 ， 参加 了 研讨 。
去年 中国 和 rok 一致同意 把 一个 阶段 全面 的 合作 关系 。 "
这 两个 国家 经济 之间 的 合作 进一步 扩大 委内瑞拉 已经 成为 中国 最大 的 拉丁美洲 的 获奖者 投资 。
这些 都 意识 到 他 是 谁 知道 一件 或 两个 关于 他 的 风格 上 展示 。
这儿 的 理由 很 简单 ： 如果 一个 - 中国 的 原则 ， 形成 的 基础 跨越 - 托雷斯 关系 ， 被 遗失 不仅 有 两种 无法 相互 联系 的 讨论 ， 但是 在 面临 reunification 和平 也 会 达到 不 可能 的 。
下面 武器 " 传统 的 概念 ， " 比如 大 的 枪炮 ， 巨大 的 储水 ， 甚至 架 航空母舰 ， 已经 过时 了 。
汉 民族 soo seung 压力 的 政府 会 继续 追求 政策 走向 rok 是 去 定义 因为 总统 dae · 金 - 就是 荣格 来到 力量 。 他 的 高度 中国 为了 保持 本地 和平 与 稳定 ， 尤其 是 半岛 韩国 帮助 和平 进程 在 玩 一个 积极 的 角色 。
这个 最后 ， 第四个 5 - 在 法律 系统 是 hereby 工作 一年 的 计划 让 公众 来 进行 教育 。
谢谢你们 peng 对 能量 的 进步 从 国际 关系 建立 关系 10 年前 在 双边 请教 高度 重要 的 贡献 是 由 苏丹 的 文莱 和 皇室 成员 推广 这 两个 国家 间 的 关系 。
chunyun jiang 说 ： 在 最近 几年 ， 中国 计划生育 协会 已 commended 大量 的 高级 的 单元 先进 的 个体 ， 地方性 也 建立 了 一批 先进 的 模型 自己 的 特征 。
一个 重要 的 任务 面对 领袖 ， 和 家庭计划 联系 各个 层次 的 是 发现 ， 总结 一下 ， 让 它 流行起来 不断 典型 的 经历 。
这个 记者 问 这样 一个 问题 。
把 它 ， 这些 因素 包括 慢性 疾病 旧 的 结构 ， " 碰撞 " 新 和 旧 的 结构 ， 人们 在 他们 的 偏差 执行 改革 政策 ， 干预 由 少量 的 敌意 的 力量 。
我们 应该 坚信 派对 的 同时 具有 能力 和 意味着 解决 矛盾 ， 困难 ， 我们 遇到 的 问题 在 现有 的 改革 。
我们 新 的 军队 的 地方 会 有 策略 引领 世界 ？
这个 程度 上 ， 勇气 让 我们 可以 测量 人们 的 问题 是 一个 神奇 的 测试 装置 派对 的 精神 和 个性 和 能力 。
在 他 的 演讲 ， expounded 胡锦涛 主席 的 基本 特点 国际 的 情况 和 分析 一些 新 的 趋势 的 变化 。
谢谢你们 压力 ： 委员会 村民 们 有 自信 坚强 的 有机 法律 执行 和 决心 把 聚会 的 农民 跟随 大众 的 道路 建筑 的 社会主义 与 中国 的 特征 ， 已经 收到 的 聚会 的 力量 才能 在 农村 地区 的 基础 ， 并 把 前进 的 优越感 有关 中国 社会主义 系统 。
当 遇到 的 主要 和 困难 的 问题 ， 校长 领导者 必须 找到 解决 各种 resettlement 实施 的 政策 是 确保 当地 的 部门 关心 和 个人 交流 的 公立学校 跟 那里 jointly 的 字母 。
布什 说 ： 之间 的 贸易 美国 和 中国 是 有益 的 农民 和 工业 和 商业 企业 在 美国 。
二战 后 ， 日本 右翼 的 组织 曾经 disbanded ， 伟大 的 弱化 的 右翼 的 力量 。
这些 移动 有 convincingly 展示 了 中国 决心 从 它 的 政策 改革 和 国际 社区 开放 ， 来自 中国 活跃 站 在 以及 多方面 的 经济 合作 ， 玩 建设性 的 作用 在 促进 贸易 和 投资 自由化 apec 的 过程 。
这 是 在 台湾 的 事 对于 很多 人 已经 注意 到 。
几个 小时 后 ， 他 是 一个 医院 wheeled 在 一个 破碎 手推车 。 他 是 谁 了 四个 同学 受伤 。 他 看到 的 在 方式 是 很 可怜 。 在 医院 ， 有 许多 无辜 的 学生 和 他们 的 工人 的 支持者 人 受伤 或 杀害 。
khoan vu 说 ： 其他 的 话题 的 讨论 在 mrt apec 会议 给 一个 推进 多亏 三个 行动 的 议程 ， 也 就是 成员 自己 行动 的 议程 ， 集体行动 议程 ， 和 经济 和 科技 行动 的 议程 。
几天 前 ， 一个 灾难性 的 自杀 炸弹 袭击 在 特拉维夫 一个 12 个人 死 了 将近 一百 受伤 。
但 真正 值得尊重 积极 的 结果 赢得 和平 的 演讲 困难 的 协议 和 承诺 会 更 重要 的 。
所以 ， 前途 ， 它 已经 从 虚弱 强大 的 ； 输出 数量 已经 超过 10 - 折叠 。
专家 相信 创造 和 政府 应该 成为 首要任务 增加 的 工作 机会 的 工作 。
之前 ， 作为 一个 共和党 是 我们 大部分 的 政党 参议院 了 因为 参议员 詹姆斯 jeffords 从 派对 上 的 螺丝 。 状况 不 那么 好 worsened 为 共和党 可能 更 ( 如果 rumored 从 派对 发现 麦凯恩 以及 拜物 可能 是 真的 ) 。
作为 已 被 台湾 是 " 军队 总部 ， " 钻头 会 在 中部 liyang kukuan 场 在 训练 台湾 ， 862 no. 特种部队 小分队 ， 台湾 只有 空军 特种部队 的 单位 的 能力 ， 会 在 领导 角色 。
根据 仅仅 信息 给 rok ， 相关 部门 日本 的 政府 也 宣布 外来 中国 家禽 产品 开始 禁止 8 号 。
问题 ： 怎样 " 解释 2 " 或者 制造业 的 行为 散播 进 沙里 去 宣传 时尚 的 材料 ， publicizing 当代 的 限制 和 行政 伤害 的 法律 执行 和 ？
除了 提到 的 两个 协议 ， 他们 签署 获得 " 所在 的 ata 宣言 ， " 的 " bishkek 宣言 ， " 和 " dushanbe 声明 "
美国 总是 把 它 当 提出 的 政策 优先 享受 国家 利益 。 在 冷战 初期 ， 有 一个 共产主义 国家 和 台湾 面对 美国 王室 之间 的 防御 中国 。
从 执行 改革 和 开放 ， 深刻 的 变化 已经 在 我们 的 经济 系统 ， 我们 的 模式 运作 的 ， 社会 组织 和 生产 和 大众 的 生命 风格 。
的 " 大跃进 " 和 " 文化大革命 " 两个 最 伟大 的 并发症 。
一眼 说 ， 探索 在 中国 建设 社会主义 " 开始 deng 由 毛泽东 和 竣工 。 "
为了 我们 的 军队 坚持 相信 在 派对 ， 我们 必须 强化 意识形态 和 政治 工作 和 教育 的 理想 和 信仰 。
你 怎么 ！ "
从 六个 政府首脑 也 遇到 了 记者 ， 和 参加 去 吃 午餐 由 zemin jiang 总统 对 政府首脑 和 他们 代表 发条 推特 。
上海 ， 15 jun ( xinhua ) 副 zhang 外交部长 今天 deguang 说 ： 峰顶 的 会议 国家 上海 的 国家 合作 组织 (sco) 日程 已经 成功 地 完成 所有 物品 ， 到 了 它 的 软件 目标 ， 已经 是 一个 完整 的 成功 。
目标 和 原则 的 组织 是 乌兹别克斯坦 和 利益 和 她 的 人民 。
将 " 上海 的 精神 " 当 它 国家 的 相互 关系 ， sco 会 有 好 的 发展 前景 。
它 是 必要 的 信用 观察 字母 的 回执 对照 网上 的 报酬 ， 讲 的 信用 在 使用 字母 没有 一个 真正 的 收入 获得 外国 交换 贸易 背景 下 错误 的 结论 ， solemnly 惩罚 人们 参与 到 这样 的 活动 。
目前 ， " incubators " 在 中国 大多 是 真实 的 设施 赞助 的 政府 。 由于 限制 政府 的 资源 ， " incubators " 有 限制 的 主要 ， 从而 剥夺 多 希望 他们 的 工作 机会 。
第二 ， 我们 应该 stricken 组织 在 大众 的 地方 多样化 他们 的 经济 运作 和 新 的 方法 赚钱 。
虽然 政府 没有 实施 任何 政策 支持 因为 它 的 政治 站 在 并且 不断 地 提醒 non 注意 到 美国 ， 不过 政府 机构 前 工作 中国 的 那些 共产党 人士 ， 大多数 人 分享 应用 的 支持 。
在 最近 几年 ， 友好 这 两个 国家 之间 的 合作 已经 开发 的 得分 持续 正面 的 结果 。
一些 为 政府 ， 退休 的 政府 刚刚 离开 活跃 的 服务 ， 却 ： 台湾 必须 做出 如此 武器 作为 媒介 - 范围 导弹 为了 战略 威慑 ， 即使 这样 ， 导弹 武装 没有 核弹头 。
中国 金融 行业 和 资本 市场 怎么 玩 一个 更 重要 的 角色 呢 ？
通过 检查 - 和 独立 的 董事会 - - - 平衡 的 角色 导演 系统 。 5 。 在 不停 地 改善 民事 赔偿 系统 确保 它 的 可行性 。
人们 第一次 聚会 也 表明 他们 的 意见 。
很多 cadres 没用 的 省份 被 绘制 出来 的 dismissal 的 测量 。
luo 人民币 ， 一个 研究 军事 科学 学院 部门 的 战略 官 的 研究 ， 说 历史 和 事实 已经 证明 了 战争 的 胜利 不 依赖于 一两个 新 的 武器 。
在 过去 的 几天 里 ， 我 把 演讲 schroder 和 经济 和 科技 和 挑战者 部长 personages muller 和 商业 做 了 大量 的 接触 。
这个 观点 是 值得 的 。
ivanov igor 是 俄罗斯 的 外交部长 。
面对 开始 二世 ， 这 是 在 1993 年 ， 美国 和 俄罗斯 更 同意 减少 大约 3000 核弹头 数量 已经 展开 。
这 一次 ， 在 新 的 拉姆斯菲尔德 并 将 由 军队 的 策略 建立 类似 的 主要 战略 " 基石 。 " 重力 战争 的 外表 词 可能 是 移 到 亚洲 来到 应对 " 隐藏 和 严重 的 事件 可能 危害 美国 国家 利益 。 "
然而 ， teng - lee hui 有 的确 在 检查 chan lien 通过 联盟 形成 和 詹姆斯 扮演 的 角色 soong [ 唱 ch ” u - yu 。
北京 ， 25 jun ( xinhua ) - 关键帧 在 前夕 " 6 月 26 " 国际 毒品 anti ， 不过 一天 ， 最高 法庭 的 人 公开 的 四个 主要 的 药物 - 相关 的 犯罪 裁决 情况 下 ， 以及 罪犯 被 严重 根据 法律 惩罚 。
这些 问题 ， 记者 们 有 一个 访谈 chunwang jia ， 公众 安全 委员会 和 部长 州 的 毒品 控制 指导 ， 在 国际 药物 管制 的 前夜 。
他 压力 伟大 的 重要性 我们 收到 中国 双方 关系 说 应该 把 关节 可 努力 去 改善 和 开发 他们 的 关系 。
的 速度 工业 结构 和 地区 结构 被 抚慰 和 结构 优化 和 工业 升级 被 提升 了 。 纺织 产业 ， 减少 已经 经历 过 spindle 和 调整 和 开车 去 升级 工业 结构 。
警察 抗议者 和 welcomers 分开 ， 其中 一组 在 山顶 和 其他 在 爬坡 避免 展示 的 质量 ， 汽车 带 着 李 teng hui 收到 了 一个 替代 方法 去 上墙
成功 与 失败 都 混 在 一起 。
他 希望 通过 拜访 中国 军队 研究 复杂 的 知识 ， 进一步 促进 发展 的 两个 部队 两个 国家 间 的 关系 在 新 的 世纪 。
上海 6 月 29 ( xinhua ) solemnly 上海 举行 的 会议 ， 虽 80 比较 中国 的 共产 周年 的 创始 今天下午 的 演讲 。
在 派对 的 学科 必须 在 派对 的 建筑 strictness 意识形态 ， 政治 ， 作为 组织 领域 工作 的 方式 必须 真正 体现 在 所有 的 方面 教育 ， 管理 ， 在 聚会 组织 教师 水平 ， 广大 派对 成员 和 cadres 。
中国 我们 重视 重要 的 角色 国会 希望 我们 的 国会 成员 会 发挥 积极 作用 促进 可 关系 。
在 过去 的 几天 ， 占据 的 思想 他人 的 欲望 继续 和 擅长 的 官员 男人 在 船上 的 海军 " qingdao " 导弹 毁灭者 海上 已经 做 训练 课程 。
飞机 的 撞击 事件 显示 定义 和 制作 中国 一个 " 清晰 的 敌人 " 肯定 会 做 损害 我们 的 国际 利益 。
整体 水平 的 企业 informationization 是 低 它 是 缓慢 的 进步 。
它 是 积极 必要 的 改革 budgetary departmental 系统 ， 采用 政府 的 财政部 是 浓缩 的 收入 花 系统 ， 改革 的 税款 和 收费 系统 的 规则 在 逐步 收益 的 管理 管理 五口之家 应该 认真 地 落实 。 外 的 预算 经费 应该 把 stricter 在 控制 。
也 参加 会议 的 团队 由 地区 派对 的 核心 理论 研究 委员会 负责 从 全副武装 的 地区 中共 的 组织部 委员会 ， 宣传 部门 ， 前面 美国 工作 。
中共 拿来 伟大 的 重要性 中共中央 委员会 ， 所有 的 派对 委员会 支持 它 ， 它 是 体验生活 大众 zealously ， 各种各样 的 愉悦 的 条件 下 ， 包括 经济 状况 是 ， 问题 是 很 好 。
在 cordial 友好 的 演讲 ， zemin jiang zanoun 欢迎 来到 中东 中国 简短 的 最新 的 发展 情况 ， 被 信任 阿拉伯 inter - 议会 联盟 。
她 希望 协会 的 外国 投资 公司 会 继续 玩 它 的 角色 一座 桥梁 政府 和 企业 的 反射 更 多 的 外国 企业家 在 中国 浏览 的 需求 。
鼓励 这个 消息 ， 一些 人 已经 对 媒体 invesment 词 的 行动 。
日本 军队 技术 实现 这项 政策 通过 执行 快速 发展 。 一些 地区 的 技术 ， 日本 甚至 超过 了 美国 。
这 两个 国家 决定 进一步 扩展 他们 交易所 和 合作 在 军事 技术 和 设备 ， 由 研究 和 发展 的 f-2 战士 飞机 。
在 贫穷 地区 的 官员 男人 应该 鼓励 工作 完成 之后 他们 活跃 的 军事 服务 ， 以及 上传 他们 的 智慧 和 力量 的 贫穷 经济 和 社会 发展 的 stricken 收到 的 区域 。
负责 不同 的 特殊 委员会 和 器官 cppcc 的 国家 委员会 的 人 参加 会议 作为 旁观者 。
在 晚上 7 月 9 ， hyong 富有 sop 收到 的 副 主席 朝鲜 presidium 最高 人们 组装 ， 一个 banquet 在 mansudae 代表团 来到 中国 的 反响 上 由 chunyun jiang 的 副 主席 。
他 说 ， 如果 北京 成功 它 的 中标 这是 一个 很 好 的 东西 。 [ 这些 graf 忽略 了 被 传播 的 物品 在 置换 xinhua 在 gmt 1624 ] 北京 市政 政府 领导人 dre urhahn deyin 和 zhang 中国 ， 俄罗斯 和 中国 的 大使 wu 的 境界 也 存在 的 会议 。
第三 ， 我们 应该 站 出来 ， 执法 和 司法 工作 关于 信息 网络 。
此外 ， 权威 对 silkworm 蚕茧 和 糖 的 庄稼 会 把 价格 购买 delegated 较 低 的 水平 ， 由 前任 恋人 的 价格 - 工厂 为 和 高温 提供 热 发电厂 中央政府 会 直接 在 政府 管理 省长 部门 负责 收费 。
我们 去 维护 先进 派对 ， 我们 必须 遵循 的 需求 " 三个 代表 " 建立 在 一个 派对 上 的 所有 - 圆 的 方式 。
arats 和 台湾 的 是 聚会 小组 ， 是 对 发展 跨越 - personages 托雷斯 关系 和 做 东西 的 权利 和 托雷斯 两边 compatriots 的 利益 在 这方面 有 处理 重要 。
zaixi wang 进一步 说 ： 原则 " reunification 和平 ， 一个 国家 ， 两个 系统 " 是 他 的 死亡 之前 被 邓小平 先生 。 "
如果 情况 是 这样 的 是 两种 不同 的 官方 之间 的 联系 ， 小队 ， 各种 non - 的 政府 机构 穿着 " 白色 的 手套 " 是 另 一个 通道 通过 台湾 大陆 可以 建立 接触 。
为什么 有 城市 的 首席 执行 练习 " 一个 国家 ， 两个 系统 " 被 认为 这样 的 高 不过 水平 在 国际 竞技场 招待会 ？
人们 大喊 ， 跳 起来 ， 兴奋 的 眼泪 流动 在 很多 的 脸 。 在 握住 的 热情 ， 人们 把 他们 可以 在 车子 里 撞 和 挥舞 国旗 他们 困难 。
欧盟 国家 的 官员 如果 他们 cannot 理解 对 日本 是 消极 的 态度 " 京都 协议 ， " 从 日本 的 土地 它们 诞生 。
文章 由于 两个 国家 参与 促进 经济 之间 的 合作 也 表明 新 的 条约 要 玩 它 。
历史 上 ， 战争 激奋 展开 亚洲 的 日本 militarism 已经 伤害 人们 感觉 巨大 的 。
为了 澄清 进一步 的 运营 指挥 中国 和 俄罗斯 在 不同 层面 的 战略 之间 的 合作 。
经济学家 jinglian wu 已知 的 说 积极 的 嗯 - 财政 政策 和 政策 奖励 值得注意 的 供应商 练习 被 中国政府 产生 的 结果 ， 只要 这些 政策 这些年来 ， 今年 中国 经济 增长 ， 仍然 非常 强大 。
在 视野 今年 的 棉花 增加 打造 一个 颇 大 的 区域 ， 关心 必须 被 避免 的 农民 出现 问题 收到 卖 ious 有 困难 棉花 。
它 已经 学到 遵循 crackdowns ， 那些 提供 了 shields 保护 到 根据 罪犯 被 法律 之上 。
平衡 短 ， 不过 词 贷款 是 万亿 的 6.5% 人民币 ， registering 一个 积累 248.2 亿 增加 人民币 ， 36 亿 人民币 去年 在 同一 时期 少 。
任务 完成 这样 的 历史 ， 我们 必须 在 几代 arduously 努力 ， 我们 必须 开展 创造性 的 不同 的 领域 ， 但 最 重要 的 是 ， 我们 必须 继续 建造 这个 极大 的 派对 上 是 组织者 和 领导者 。
在 最近 几年 ， 研究所 的 特性 的 成就 科学 和 科技 的 创新 ， 提供 强大 的 技术 支持 发展 的 战斗 新 的 - 类型 的 有效性 导弹 武器 。
台湾 计划 在 联合国 可能 重新 参与 在 2001 年 。 现在 讨论 了解 政府 是否 " 联合国 的 观察者 地位 申请 " 联合国 作为 一个 意味着 在 台湾 参与 。
在 不到 4 月 在 今年 开始 ， 在 超过 30 各地 超过 50 加油站 抢劫 事件 发生 ( 城市 ) hebei 省 的 注意力 画 一个 高 的 水平 hebei 在 公众 安全 的 部门 。
从 投资 需求 对 ， 固定 的 资产 投资 在 一年 完成 整个 社会 15.1 比 相应 时期 ， 或 4.1 涨工资 前 一年 比 相应 的 时期 。
你们 zhen 也 指出 ： 我们 应该 把 这样 的 矛盾 和 外国 需求 问题 伟大 的 重要性 玩 少 的 角色 在 经济 增长 。
在 设备 管理 团队 中心 ， 可以 检查 注册 和 统计学 数据 进行 的 材料 保护区 。 进行 可以 给 他们 的 报告 中心 。 所以 ， 管理 成为 " 高 ， 不过 科技 。 "
他 回到 台湾 不到 两个 月 后 ， 人们 政府 因 他 收到 了 ， dpp 被迫 形成 一个 inority 政府 ， 和 决定 先 搁置 第四个 建设 的 核电厂 对 对立 党派 形成 一个 联盟 并 引发 dpp 。
来 实现 aforesaid 的 目标 ， 提 shui - bian 必须 完全 证实 了 台湾 的 角色 美国 的 一个 芯片 抑制 中国 和 整个 亚洲 大陆 上 和 世界 其他 地区 ， 靠近 台湾 和 美国 之间 的 关系 。
当 提 去 国外 第一次 在 官方 访问 ， 他 递给 dominica ， 哥斯达黎加 ， 布基纳法索 一个 红色 链里 里面 美元 46 万 美元 42 万 ， 30 亿 ， 奎斯特 诊断 。
相反 ， 当 处理 美国 ， 高 - 排名 官员 ， 包括 总统 提 自己 ， 不断 的 行为 ， 或者 一些 说辞 有 忽略 了 我们 国家 的 尊严 。
除了 ， 最新 的 科技 ， 地面 一个 巨大 的 利润 的 经营 效率 的 结构 单位 也 可以 寻求 进步 会 被 重建 大部分 它 的 运营 支持 和 运营 特殊 的 支持 。
副 namgyai geleg pagbalha 代表团 的 中心 ， zhongyu wang ， zhaoguo wang ， 刘旭 caihou ； 官员 负责 派对 ， 政府 ， 军队 西藏 的 自主 区域 ， deqing 富有 ， 政治 的 成都 军事 区域 参与 活动 commissar 标记 周年 。
第四个 建议 一点 ： " 台湾 会 继续 保持 它 的 政府 框架 "
包括 两个 方面 有 一个 宽 ， 不过 ， 在 收到 的 深度 sino - 在 乌克兰 关系 和 国际 和 地区 观看 到 了 重要 的 共识 交换 问题 常见 的 关注 。
其次 ， 制造 公众 的 意见 ， 指向 准备 好 行装 在 中国 的 亚洲 所以 ， 不过 叫做 不 稳定 因素 。
一旦 战争 在 台湾 托雷斯 爆发 ， 我们 的 政府 会 在 一个 困境 - - 要么 出来 失去 的 脸 或者 和 中国 战争 会 导致 悲剧 的 后果 。
这 将 是 一个 转折点 的 两面 托雷斯 进一步 改善 关系 ， 这 也 给 了 希望 。
结果 是 整个 事情 是 纯粹 的 想象力 。
当 长长 见识 rectification 和 打压 ， 我们 应该 采用 这些 测量方法 conscientiously 对待 问题 的 根源 ， 完美 的 相关 法律 和 制度 ， 和 法律 - 地 管控 机制 ， 逐渐 标准化 市场 行为 和 建立 一个 好 的 市场 经济 。
现在 ， 从 资本 中国 相对 丰富 的 ， 它 当时 会 有利于 中国 体验生活 国际 竞争力 角度 讲 ， 并 将 使 其 得到 经验 在 全球化 经济 发展 。
第一个 时期 是 会计 至 80 年代 中期 ， 直到 1997 年 从 计算机化 在 电子 会计 使用 的 手册 会计 手术 。
受 美国 和 日本 经济 ， 股票市场 在 台湾 区域 ， 大韩民国 [ rok ， 和 东南亚 区域 已经 正 ， 他们 的 货币 有 看不起 大型 的 边缘 ， 有 退步 经济 和 金融 甚至 展示 危险 的 涡流 ， 和 康复 已经 难产 。
因此 ， 从根本上 讲 ， 中国 accession wto 是 在 asean 国家 利益 。 severino 进一步 指出 ， 中国 wto 入口 和 asean 区域 的 经济 发展 受益 的 " 因为 这 代表 着 一个 更大 的 投资 和 贸易 市场 。 "
鲍威尔 是 特殊 的 飞机 到达 北京 国际 机场 在 0815 小时 ， 当地 时间 。
但 空间站 在技术上 是 困难 的 多 。
在 最近 省长 工作 会议 的 海岸 防御 jiangsu ， 它 最初 已经 取得 了 进步 记者 jiangsu 学到 海岸 空气 安全 管理 海洋 的 土地 - - 防御 系统 。
kuangfu 是 一个 名字 我们 粉丝 。
我们 需要 更 多 的 责任心 和 新 的 任务 新 的 形势 在 拿 着 伟大 的 旗号 高 的 理论 中共中央 委员会 和 保护 派对 而 邓小平 军队 和 队友 委员会 jiang zemin 作为 核心 。
i. 发展 一些 大 公司 和 企业 团体 的 关键 整个 经济 发展 在 最近 几年 ， 很多 同伴 有 意识 到 深深地 对于 参与 了 国际化 的 竞争 ， 中国 还 没有 足够 的 这样 的 大 公司 和 企业 团体 有 竞争力 的 能力 。
共产主义 派对 成员 应该 重要 的 概念 conscientiously 研究 和 实施 " 三个 代表 " 在 新 的 历史 环境 - - 这是 一个 先决条件 聚会 成员 站 在 共产主义 革命 的 时间 和 自然 保护 他们 的 先进 。
在 大 游行 对 50 比较 国家 在 1999 年 10 月 1 日 ， 中国 ， 海军 ， 空军 ， 导弹 第二个 作用 单位 让 他们 的 样貌 一起 。
我们 应该 publicize 重要 的 政策 重要 的 身份 的 核心 严格 的 精神 和 防止 " 搅拌 一个 风能 [ feng gua ； 意义 在 boastful 做 的 事情 ， 夸张 和 通俗易懂 的 方式 。 "
在 过去 ， 没有 尝试 讨好 选票 他 从来 没有 错过 在 选举 kmt 的 中共中央 委员会 成员 。
我们 必须 坚定 地 保护 领导力 的 派对 ， 反对 否认 中共 绝对 是 领导力 nationalization 的 名义 。 5 。 全球 团结 ： 请 告诉 我 ， 明年 增加 pla 预算 ？
在 战争 年 ， 我们 有 很多 血腥 的 战斗 定期 打 通过 长度 和 广度 国家 ， 承认 中共 绝对 的 领导力 。
对 同伴 说 的 研究 和 comprehending 演讲 的 主要 7 月 1 日 活动 的 精神 整个 派对 。 老兵 同伴 ， 我们 cannot 停下来 思考 ， 依然 低于 聚会 的 责任 shirk 成员 。 我们 必须 认真 研究 和 resolutely 支持 一般 的 秘书 jiang 是 重要 的 演讲 在 7 月 1 日 。
不过 我们 也 会 存在 的 机会 sino 高 - 今年 秋天 在 联合国大会 会议 上 会议 ， 和 鲍威尔 有 邀请 tang 外交部长 jiaxuan 来 华盛顿 后 的 演讲 。
经济衰退 严肃 的 威胁 美国 的 经济 仍然 的 脸 ， 一个 好 国家 经济 也 不是 在 欧洲 ， 日本 是 更糟 。
在 1993 年 ， 我 收到 了 签证 才能 去 中国 。
这是 一个 重要 的 启示 历史 发展 我们 人类 文明 。
虽然 biden 的 伙伴 台湾 是 民主化 ， 他 还是 粘附 在 美国 的 利益 。
它 是 必要 的 很快 地 建立 一个 系统 中有 建议 责任 ， 评价 和 decisionmaking 通过 讨论 ， 确保 所有 的 规定 " 规定 " 确诊 执行 ， 以此 来 预防 和 停止 健康 系统 的 很多 工作人员 和 腐败 行为 约定 。
最终 ， 自我 - 关键帧 完美 和 自我 发展 的 社会主义 结构 的 创新 系统 是 个 问题 。
arch 战争 罪犯 是 那些 heinous 犯下 罪行 而 在 他们 的 判断 通过 国际 军队 远东地区 陈述 一系列 。 他们 被 判刑 的 绞刑架 ！ 或 自杀 ， 所以 他们 必须 不是 普通人 的 servicemen equated 人 在 战斗 。
接下来 ， 撑起 中国 收到 的 风格 马克思主义 ， 我们 必须 重视 和 风格 和 中国 国家 在 它 很 好 的 文化 特征 的 结果 中国 国家 和 实际 经验 我们 的 派对 。
同时 ， 也 提供 一个 经济 全球化 的 发展 历史 的 机会 马克思主义 和 社会主义 发展 。
问题 ： 你 在 重新 引进 新 文章 " 规定 " 为了 replenishing 和 安慰 和 解释 合法 的 后果 ， 为 更 多 的 严重 松 penalties unlawful 或者 犯罪 的 行为 ？
guanghua zhao 说 比尔 的 鼻祖 在 海关 法律 通过 8 去年 七月 。 完整 的 重新 海关 法律 规定 在 与 wto ， 没有 变化 需要 在 中国 的 规则 和 规章 海关 政府 。
制造 足够 的 研究 并 证明 的 基础 上 的 可行性 ， 我们 应该 大胆 采取行动 。 练习 显示 石油 公司 在 我们 国家 有 能力 去 国外 带回 更 多 的 油 产品 作为 dividends 发起 的 项目 。
人们 cannot 帮助 但 问 ： 什么 是 李 teng hui 收到 的 意图 是 什么 ？
这 在 美国 和 俄罗斯 协议 引起 宽 的 注意力 从 国际 媒体 然而 ， 给予 人们 有 不同 的 协议 的 实际 的 重要性 。
" 我们 真正 的 工作 数量 相当于 测绘 这个 部分 8 倍 ， " 说 研究员 huanming tang 任务 小组 酋长 一个 项目 和 中国 的 观点 ， 不过 人 人类 基因组 计划 。
我 经常 把 和 民主 的 党派 的 领导者 在 很多 重大 问题 。
之前 " 军队 男人 要 征服 ， " 他们 必须 去 会修 去 " 在 depart 风格 ， " 和 他们 的 死亡 平板 电脑 被 张贴 在 这里 ， 他们 收到 叫做 " 卫报 上帝 为 国家 。 "
物质 和 侵略性 的 战争 会修 叫做 " 伟大 的 东亚 的 战争 " 和 " 神圣 的 战争 " 展开 了 日本 军队 解放 亚洲 国家 从 他们 的 野生 的 统治者 。
kanzaki takenori ， 一个 代表性 从 新 komeito 派对 ， " 总理 来 导致 后悔 多 ， 即使 他 避免 armistice 每天 15 8 月 ， 它 仍然 很难 逃离 了 邻国 的 抗议 。
在 二战 期间 ， 在 日本 trampled militarism 超过 一半 的 高跟鞋 铁 亚洲 ， 在 日本 militarists 积累 了 巨大 的 血液 债务 inflicting 可怕 的 灾难 人 。
第六 ， 我们 必须 来 打印 行业 。
在 舞台 的 舞台 新 的 民主 革命 和 社会主义 革命 ， 还是 领导 而 无数 的 农民 proletariat 总是 proletariat 最 还是 稳重 盟友 。
它 显示 相关 部门 ， 公众 安全 机构 要求 微软 ( 中国 ) 公司 提供 中国 的 电脑 使用者 更 方便 、 更 快 、 更 有效 的 快 的 病毒 。
上海 ， 18 aug ( xinhua ) - 关键帧 我们 从 上海 警察 chih - ling ch ” eng [ zhicheng ling ] wen - hsu hsien [ 刘旭 wenxian ， 两个 核心 的 元素 台湾 是 刚才 所述 的 组织 " tientaomeng ， " 几天 前 在 上海 被 逮捕 。
从 餐馆 收到 的 报告 身上 ， hongqiao 上海 的 道路 警察 substation 立刻 发给 一些 警察 到 餐厅 到 防止 进一步 发展 的 事件 。
他 说 放大 这个 " 的 中共中央 委员会 cpc 有 要求 我们 在 谨慎 的 方式 ， 因为 很多 问题 都 会 导致 如果 我们 太 浮躁 "
从 reportedly 成员 会 被 那些 参加 是否 的 来源 继续 中共中央 委员会 cpc beidaihe 很 尴尬 ， 当 讨论 的 问题 哥本哈根 大会 成员 政治 部门 。
无疑 布什 告诉 年轻 布什 不是 退出 的 力量 达到 从 巴尔干半岛 更加 主动 参与 了 中东 ， 提高 两种 去 和 恢复 安全 的 演讲 之间 的 关系 。
的 " 指导 " 明显 集 等 要求 和 制度 在 supervising 和 管理 和 合作 和 外国 商业 银行 和 他们 的 海外 的 组织 进行 信息 交易所 supervisory 部门 。
我 不会 看到 任何 的 广袤 海域 ， 绿水 打破 沉默 坠毁 ， 作为 一个 接 一个 想要 波 ， 看起来 好像 会 吞下 表面 上 的 所有 事情 。
这是 一个 " 红线 " 这 cannot 是 越过 了 。
自从 冷战 终结 ， 我们 决定 - 逐渐 相信 挑战 来自 亚洲 的 创造者 - 太平洋地区 会 比 那些 从 欧洲 ， 因此 在 美国 应该 花 更 多 的 资源 ， 确保 在 亚洲 - 太平洋地区 安全 。
因为 日本 经济 萧条 已经 在 过去 的 十年 ， 当 我们 的 经济 增长 的 案例 ， 日本 越来越 感到 沮丧 ， prompting 日本 的 愿望 从 美国 和 能力 是 独立 的 行为 美国 衰落 的 依赖 增加 。
版本 resubmitted 当前 的 会议 为 约定 的 法律 ， 包括 版本 的 法律 在 预防 和 控制 荒漠化 ， 版本 的 提供 342 410 的 文章 的 犯罪 进行 修正 法律 ， 版本 法律 上 和 控制 职业 预防 疾病 ， 版本 法律 在 管理 使用 海上 空间 。
这 远远 一直 从 中国 市场 商品 被 限制 的 脸 类似 的 垄断 将 不再 国内 和 保护 。
non 状态 - - 拥有 经济 都 有 一个 积极 的 力量 促进 我们 国家 的 经济 发展 和 社会 进步 。
在 经济 增长 会 过渡阶段 会 改变 逐步 将 不能 稳定 和 标准 经济 增长 。
房地产 行业 和 汽车 工业 发展 迅速 的 来源 说 ： 会议 讨论 beidaihe 决定 一系列 的 刺激 政策 是 为了 国内 的 需求 ， 是 在 今年 的 一半 。
因为 中国 很快 就 会 加入 wto ， 台湾 的 商人 希望 成为 第一个 分享 大陆 市场 为了 使 台湾 经济 的 康复 顺便 提 这个 趋势 将会 不 受 任何 方式 shui bian 收到 的 政策 。
rongji zhu 指出 毒品 的 是 公共 指导 人类 。
zengpei tian 说 ， 中国 把 这 表示 核能 ， 不过 免费 的 区域 是 有效 的 方法 防止 核武器 的 扩散 。
毛泽东 挂 - tien 说 ： 因为 美国 和 全家老小 都 在 联合国大会 画 的 注意力 国家 ， 它 是 英国 的 期盼 的 态度 ， 法国 ， 和 其他 国家 保持沉默 会 影响 如果 我们 这边 转向 运动 关于 运动 。
一个 重要 的 长 - 整个 政党 词 的 任务 是 conscientiously 研究 完全 理解 和 resolutely 实施 的 精神 。
外国 风险投资 公司 投资 在 中国 基本上 是 传统 工业 投资 ， 而 不是 他们 直接 建立 在 中国 风险投资 基金 和 运营 。
它 是 这个 背景 布什 没有 选择 ， 但 做出 一些 修改 过 他 的 外国 政策 ， 作为 一个 结果 ， 某些 方面 变得 更 实用 。
中国 已经 解决 了 麻烦 的 问题 留下 的 旧 它 的 邻居 定义 绝大多数 的 中国 边境 。
